  [1m[35m (23.6ms)[0m  [1m[35mCREATE TABLE "schema_migrations" ("version" character varying PRIMARY KEY)[0m
  [1m[35m (3.5ms)[0m  [1m[35mCREATE TABLE "ar_internal_metadata" ("key" character varying PRIMARY KEY, "value" character varying, "created_at" timestamp NOT NULL, "updated_at" timestamp NOT NULL)[0m
  [1m[35m (0.6ms)[0m  [1m[34mSELECT pg_try_advisory_lock(6856591791419719335);[0m
  [1m[36mActiveRecord::SchemaMigration Load (0.5ms)[0m  [1m[34mSELECT "schema_migrations".* FROM "schema_migrations"[0m
Migrating to CreateUsers (20160805102144)
  [1m[35m (0.3ms)[0m  [1m[35mBEGIN[0m
  [1m[35m (9.0ms)[0m  [1m[35mCREATE TABLE "users" ("id" serial primary key, "username" character varying, "full_name" character varying, "created_at" timestamp NOT NULL, "updated_at" timestamp NOT NULL)[0m
  [1m[35mSQL (1.4ms)[0m  [1m[32mINSERT INTO "schema_migrations" ("version") VALUES ($1) RETURNING "version"[0m  [["version", "20160805102144"]]
  [1m[35m (0.6ms)[0m  [1m[35mCOMMIT[0m
  [1m[36mActiveRecord::InternalMetadata Load (0.5ms)[0m  [1m[34mSELECT  "ar_internal_metadata".* FROM "ar_internal_metadata" WHERE "ar_internal_metadata"."key" = $1 LIMIT $2[0m  [["key", :environment], ["LIMIT", 1]]
  [1m[35m (0.2ms)[0m  [1m[35mBEGIN[0m
  [1m[35mSQL (1.3ms)[0m  [1m[32mINSERT INTO "ar_internal_metadata" ("key", "value", "created_at", "updated_at") VALUES ($1, $2, $3, $4) RETURNING "key"[0m  [["key", "environment"], ["value", "development"], ["created_at", 2016-08-05 10:23:36 UTC], ["updated_at", 2016-08-05 10:23:36 UTC]]
  [1m[35m (0.4ms)[0m  [1m[35mCOMMIT[0m
  [1m[35m (0.3ms)[0m  [1m[34mSELECT pg_advisory_unlock(6856591791419719335)[0m
  [1m[36mActiveRecord::SchemaMigration Load (0.3ms)[0m  [1m[34mSELECT "schema_migrations".* FROM "schema_migrations"[0m
  [1m[35m (8.9ms)[0m  [1m[34mSELECT t2.oid::regclass::text AS to_table, a1.attname AS column, a2.attname AS primary_key, c.conname AS name, c.confupdtype AS on_update, c.confdeltype AS on_delete
FROM pg_constraint c
JOIN pg_class t1 ON c.conrelid = t1.oid
JOIN pg_class t2 ON c.confrelid = t2.oid
JOIN pg_attribute a1 ON a1.attnum = c.conkey[1] AND a1.attrelid = t1.oid
JOIN pg_attribute a2 ON a2.attnum = c.confkey[1] AND a2.attrelid = t2.oid
JOIN pg_namespace t3 ON c.connamespace = t3.oid
WHERE c.contype = 'f'
  AND t1.relname = 'users'
  AND t3.nspname = ANY (current_schemas(false))
ORDER BY c.conname
[0m
  [1m[35m (0.3ms)[0m  [1m[34mSELECT pg_try_advisory_lock(6856591791419719335);[0m
  [1m[36mActiveRecord::SchemaMigration Load (0.6ms)[0m  [1m[34mSELECT "schema_migrations".* FROM "schema_migrations"[0m
Migrating to CreateItems (20160805103241)
  [1m[35m (0.2ms)[0m  [1m[35mBEGIN[0m
  [1m[35m (23.2ms)[0m  [1m[35mCREATE TABLE "items" ("id" serial primary key, "name" character varying, "description" text, "armor_photo" character varying, "user_id" integer, "created_at" timestamp NOT NULL, "updated_at" timestamp NOT NULL, CONSTRAINT "fk_rails_d4b6334db2"
FOREIGN KEY ("user_id")
  REFERENCES "users" ("id")
)[0m
  [1m[35m (2.4ms)[0m  [1m[35mCREATE  INDEX  "index_items_on_user_id" ON "items"  ("user_id")[0m
  [1m[35mSQL (3.9ms)[0m  [1m[32mINSERT INTO "schema_migrations" ("version") VALUES ($1) RETURNING "version"[0m  [["version", "20160805103241"]]
  [1m[35m (1.3ms)[0m  [1m[35mCOMMIT[0m
  [1m[36mActiveRecord::InternalMetadata Load (1.2ms)[0m  [1m[34mSELECT  "ar_internal_metadata".* FROM "ar_internal_metadata" WHERE "ar_internal_metadata"."key" = $1 LIMIT $2[0m  [["key", :environment], ["LIMIT", 1]]
  [1m[35m (0.2ms)[0m  [1m[35mBEGIN[0m
  [1m[35m (0.2ms)[0m  [1m[35mCOMMIT[0m
  [1m[35m (0.3ms)[0m  [1m[34mSELECT pg_advisory_unlock(6856591791419719335)[0m
  [1m[36mActiveRecord::SchemaMigration Load (0.3ms)[0m  [1m[34mSELECT "schema_migrations".* FROM "schema_migrations"[0m
  [1m[35m (4.5ms)[0m  [1m[34mSELECT t2.oid::regclass::text AS to_table, a1.attname AS column, a2.attname AS primary_key, c.conname AS name, c.confupdtype AS on_update, c.confdeltype AS on_delete
FROM pg_constraint c
JOIN pg_class t1 ON c.conrelid = t1.oid
JOIN pg_class t2 ON c.confrelid = t2.oid
JOIN pg_attribute a1 ON a1.attnum = c.conkey[1] AND a1.attrelid = t1.oid
JOIN pg_attribute a2 ON a2.attnum = c.confkey[1] AND a2.attrelid = t2.oid
JOIN pg_namespace t3 ON c.connamespace = t3.oid
WHERE c.contype = 'f'
  AND t1.relname = 'items'
  AND t3.nspname = ANY (current_schemas(false))
ORDER BY c.conname
[0m
  [1m[35m (3.7ms)[0m  [1m[34mSELECT t2.oid::regclass::text AS to_table, a1.attname AS column, a2.attname AS primary_key, c.conname AS name, c.confupdtype AS on_update, c.confdeltype AS on_delete
FROM pg_constraint c
JOIN pg_class t1 ON c.conrelid = t1.oid
JOIN pg_class t2 ON c.confrelid = t2.oid
JOIN pg_attribute a1 ON a1.attnum = c.conkey[1] AND a1.attrelid = t1.oid
JOIN pg_attribute a2 ON a2.attnum = c.confkey[1] AND a2.attrelid = t2.oid
JOIN pg_namespace t3 ON c.connamespace = t3.oid
WHERE c.contype = 'f'
  AND t1.relname = 'users'
  AND t3.nspname = ANY (current_schemas(false))
ORDER BY c.conname
[0m
Started GET "/" for ::1 at 2016-08-05 11:35:45 +0100
  [1m[36mActiveRecord::SchemaMigration Load (0.7ms)[0m  [1m[34mSELECT "schema_migrations".* FROM "schema_migrations"[0m
Processing by Rails::WelcomeController#index as HTML
  Parameters: {"internal"=>true}
  Rendering /Users/tnt/.rbenv/versions/2.3.1/lib/ruby/gems/2.3.0/gems/railties-5.0.0/lib/rails/templates/rails/welcome/index.html.erb
  Rendered /Users/tnt/.rbenv/versions/2.3.1/lib/ruby/gems/2.3.0/gems/railties-5.0.0/lib/rails/templates/rails/welcome/index.html.erb (8.8ms)
Completed 200 OK in 33ms (Views: 17.9ms | ActiveRecord: 0.0ms)


Started GET "/armor" for ::1 at 2016-08-05 11:35:50 +0100
  
ActionController::RoutingError (No route matches [GET] "/armor"):
  
actionpack (5.0.0) lib/action_dispatch/middleware/debug_exceptions.rb:53:in `call'
web-console (3.3.1) lib/web_console/middleware.rb:131:in `call_app'
web-console (3.3.1) lib/web_console/middleware.rb:28:in `block in call'
web-console (3.3.1) lib/web_console/middleware.rb:18:in `catch'
web-console (3.3.1) lib/web_console/middleware.rb:18:in `call'
actionpack (5.0.0) lib/action_dispatch/middleware/show_exceptions.rb:31:in `call'
railties (5.0.0) lib/rails/rack/logger.rb:36:in `call_app'
railties (5.0.0) lib/rails/rack/logger.rb:24:in `block in call'
activesupport (5.0.0) lib/active_support/tagged_logging.rb:70:in `block in tagged'
activesupport (5.0.0) lib/active_support/tagged_logging.rb:26:in `tagged'
activesupport (5.0.0) lib/active_support/tagged_logging.rb:70:in `tagged'
railties (5.0.0) lib/rails/rack/logger.rb:24:in `call'
sprockets-rails (3.1.1) lib/sprockets/rails/quiet_assets.rb:13:in `call'
actionpack (5.0.0) lib/action_dispatch/middleware/request_id.rb:24:in `call'
rack (2.0.1) lib/rack/method_override.rb:22:in `call'
rack (2.0.1) lib/rack/runtime.rb:22:in `call'
activesupport (5.0.0) lib/active_support/cache/strategy/local_cache_middleware.rb:28:in `call'
actionpack (5.0.0) lib/action_dispatch/middleware/executor.rb:12:in `call'
actionpack (5.0.0) lib/action_dispatch/middleware/static.rb:136:in `call'
rack (2.0.1) lib/rack/sendfile.rb:111:in `call'
railties (5.0.0) lib/rails/engine.rb:522:in `call'
puma (3.6.0) lib/puma/configuration.rb:225:in `call'
puma (3.6.0) lib/puma/server.rb:578:in `handle_request'
puma (3.6.0) lib/puma/server.rb:415:in `process_client'
puma (3.6.0) lib/puma/server.rb:275:in `block in run'
puma (3.6.0) lib/puma/thread_pool.rb:116:in `block in spawn_thread'
  Rendering /Users/tnt/.rbenv/versions/2.3.1/lib/ruby/gems/2.3.0/gems/actionpack-5.0.0/lib/action_dispatch/middleware/templates/rescues/routing_error.html.erb within rescues/layout
  Rendering /Users/tnt/.rbenv/versions/2.3.1/lib/ruby/gems/2.3.0/gems/actionpack-5.0.0/lib/action_dispatch/middleware/templates/rescues/_trace.html.erb
  Rendered /Users/tnt/.rbenv/versions/2.3.1/lib/ruby/gems/2.3.0/gems/actionpack-5.0.0/lib/action_dispatch/middleware/templates/rescues/_trace.html.erb (1.8ms)
  Rendered collection of /Users/tnt/.rbenv/versions/2.3.1/lib/ruby/gems/2.3.0/gems/actionpack-5.0.0/lib/action_dispatch/middleware/templates/routes/_route.html.erb [8 times] (19.6ms)
  Rendered /Users/tnt/.rbenv/versions/2.3.1/lib/ruby/gems/2.3.0/gems/actionpack-5.0.0/lib/action_dispatch/middleware/templates/routes/_table.html.erb (12.1ms)
  Rendering /Users/tnt/.rbenv/versions/2.3.1/lib/ruby/gems/2.3.0/gems/actionpack-5.0.0/lib/action_dispatch/middleware/templates/rescues/_request_and_response.html.erb
  Rendered /Users/tnt/.rbenv/versions/2.3.1/lib/ruby/gems/2.3.0/gems/actionpack-5.0.0/lib/action_dispatch/middleware/templates/rescues/_request_and_response.html.erb (2.0ms)
  Rendered /Users/tnt/.rbenv/versions/2.3.1/lib/ruby/gems/2.3.0/gems/actionpack-5.0.0/lib/action_dispatch/middleware/templates/rescues/routing_error.html.erb within rescues/layout (148.7ms)
Started GET "/armors" for ::1 at 2016-08-05 11:35:52 +0100
  
ActionController::RoutingError (No route matches [GET] "/armors"):
  
actionpack (5.0.0) lib/action_dispatch/middleware/debug_exceptions.rb:53:in `call'
web-console (3.3.1) lib/web_console/middleware.rb:131:in `call_app'
web-console (3.3.1) lib/web_console/middleware.rb:28:in `block in call'
web-console (3.3.1) lib/web_console/middleware.rb:18:in `catch'
web-console (3.3.1) lib/web_console/middleware.rb:18:in `call'
actionpack (5.0.0) lib/action_dispatch/middleware/show_exceptions.rb:31:in `call'
railties (5.0.0) lib/rails/rack/logger.rb:36:in `call_app'
railties (5.0.0) lib/rails/rack/logger.rb:24:in `block in call'
activesupport (5.0.0) lib/active_support/tagged_logging.rb:70:in `block in tagged'
activesupport (5.0.0) lib/active_support/tagged_logging.rb:26:in `tagged'
activesupport (5.0.0) lib/active_support/tagged_logging.rb:70:in `tagged'
railties (5.0.0) lib/rails/rack/logger.rb:24:in `call'
sprockets-rails (3.1.1) lib/sprockets/rails/quiet_assets.rb:13:in `call'
actionpack (5.0.0) lib/action_dispatch/middleware/request_id.rb:24:in `call'
rack (2.0.1) lib/rack/method_override.rb:22:in `call'
rack (2.0.1) lib/rack/runtime.rb:22:in `call'
activesupport (5.0.0) lib/active_support/cache/strategy/local_cache_middleware.rb:28:in `call'
actionpack (5.0.0) lib/action_dispatch/middleware/executor.rb:12:in `call'
actionpack (5.0.0) lib/action_dispatch/middleware/static.rb:136:in `call'
rack (2.0.1) lib/rack/sendfile.rb:111:in `call'
railties (5.0.0) lib/rails/engine.rb:522:in `call'
puma (3.6.0) lib/puma/configuration.rb:225:in `call'
puma (3.6.0) lib/puma/server.rb:578:in `handle_request'
puma (3.6.0) lib/puma/server.rb:415:in `process_client'
puma (3.6.0) lib/puma/server.rb:275:in `block in run'
puma (3.6.0) lib/puma/thread_pool.rb:116:in `block in spawn_thread'
  Rendering /Users/tnt/.rbenv/versions/2.3.1/lib/ruby/gems/2.3.0/gems/actionpack-5.0.0/lib/action_dispatch/middleware/templates/rescues/routing_error.html.erb within rescues/layout
  Rendering /Users/tnt/.rbenv/versions/2.3.1/lib/ruby/gems/2.3.0/gems/actionpack-5.0.0/lib/action_dispatch/middleware/templates/rescues/_trace.html.erb
  Rendered /Users/tnt/.rbenv/versions/2.3.1/lib/ruby/gems/2.3.0/gems/actionpack-5.0.0/lib/action_dispatch/middleware/templates/rescues/_trace.html.erb (1.5ms)
  Rendered collection of /Users/tnt/.rbenv/versions/2.3.1/lib/ruby/gems/2.3.0/gems/actionpack-5.0.0/lib/action_dispatch/middleware/templates/routes/_route.html.erb [8 times] (3.3ms)
  Rendered /Users/tnt/.rbenv/versions/2.3.1/lib/ruby/gems/2.3.0/gems/actionpack-5.0.0/lib/action_dispatch/middleware/templates/routes/_table.html.erb (1.5ms)
  Rendering /Users/tnt/.rbenv/versions/2.3.1/lib/ruby/gems/2.3.0/gems/actionpack-5.0.0/lib/action_dispatch/middleware/templates/rescues/_request_and_response.html.erb
  Rendered /Users/tnt/.rbenv/versions/2.3.1/lib/ruby/gems/2.3.0/gems/actionpack-5.0.0/lib/action_dispatch/middleware/templates/rescues/_request_and_response.html.erb (1.3ms)
  Rendered /Users/tnt/.rbenv/versions/2.3.1/lib/ruby/gems/2.3.0/gems/actionpack-5.0.0/lib/action_dispatch/middleware/templates/rescues/routing_error.html.erb within rescues/layout (91.4ms)
Started GET "/items" for ::1 at 2016-08-05 11:35:58 +0100
Processing by ItemsController#index as HTML
  Rendering items/index.html.erb within layouts/application
  [1m[36mItem Load (1.6ms)[0m  [1m[34mSELECT "items".* FROM "items"[0m
  Rendered items/index.html.erb within layouts/application (5.8ms)
Completed 200 OK in 1025ms (Views: 1011.0ms | ActiveRecord: 3.1ms)


Started GET "/routes" for ::1 at 2016-08-05 11:36:04 +0100
  
ActionController::RoutingError (No route matches [GET] "/routes"):
  
actionpack (5.0.0) lib/action_dispatch/middleware/debug_exceptions.rb:53:in `call'
web-console (3.3.1) lib/web_console/middleware.rb:131:in `call_app'
web-console (3.3.1) lib/web_console/middleware.rb:28:in `block in call'
web-console (3.3.1) lib/web_console/middleware.rb:18:in `catch'
web-console (3.3.1) lib/web_console/middleware.rb:18:in `call'
actionpack (5.0.0) lib/action_dispatch/middleware/show_exceptions.rb:31:in `call'
railties (5.0.0) lib/rails/rack/logger.rb:36:in `call_app'
railties (5.0.0) lib/rails/rack/logger.rb:24:in `block in call'
activesupport (5.0.0) lib/active_support/tagged_logging.rb:70:in `block in tagged'
activesupport (5.0.0) lib/active_support/tagged_logging.rb:26:in `tagged'
activesupport (5.0.0) lib/active_support/tagged_logging.rb:70:in `tagged'
railties (5.0.0) lib/rails/rack/logger.rb:24:in `call'
sprockets-rails (3.1.1) lib/sprockets/rails/quiet_assets.rb:13:in `call'
actionpack (5.0.0) lib/action_dispatch/middleware/request_id.rb:24:in `call'
rack (2.0.1) lib/rack/method_override.rb:22:in `call'
rack (2.0.1) lib/rack/runtime.rb:22:in `call'
activesupport (5.0.0) lib/active_support/cache/strategy/local_cache_middleware.rb:28:in `call'
actionpack (5.0.0) lib/action_dispatch/middleware/executor.rb:12:in `call'
actionpack (5.0.0) lib/action_dispatch/middleware/static.rb:136:in `call'
rack (2.0.1) lib/rack/sendfile.rb:111:in `call'
railties (5.0.0) lib/rails/engine.rb:522:in `call'
puma (3.6.0) lib/puma/configuration.rb:225:in `call'
puma (3.6.0) lib/puma/server.rb:578:in `handle_request'
puma (3.6.0) lib/puma/server.rb:415:in `process_client'
puma (3.6.0) lib/puma/server.rb:275:in `block in run'
puma (3.6.0) lib/puma/thread_pool.rb:116:in `block in spawn_thread'
  Rendering /Users/tnt/.rbenv/versions/2.3.1/lib/ruby/gems/2.3.0/gems/actionpack-5.0.0/lib/action_dispatch/middleware/templates/rescues/routing_error.html.erb within rescues/layout
  Rendering /Users/tnt/.rbenv/versions/2.3.1/lib/ruby/gems/2.3.0/gems/actionpack-5.0.0/lib/action_dispatch/middleware/templates/rescues/_trace.html.erb
  Rendered /Users/tnt/.rbenv/versions/2.3.1/lib/ruby/gems/2.3.0/gems/actionpack-5.0.0/lib/action_dispatch/middleware/templates/rescues/_trace.html.erb (1.5ms)
  Rendered collection of /Users/tnt/.rbenv/versions/2.3.1/lib/ruby/gems/2.3.0/gems/actionpack-5.0.0/lib/action_dispatch/middleware/templates/routes/_route.html.erb [8 times] (3.0ms)
  Rendered /Users/tnt/.rbenv/versions/2.3.1/lib/ruby/gems/2.3.0/gems/actionpack-5.0.0/lib/action_dispatch/middleware/templates/routes/_table.html.erb (1.7ms)
  Rendering /Users/tnt/.rbenv/versions/2.3.1/lib/ruby/gems/2.3.0/gems/actionpack-5.0.0/lib/action_dispatch/middleware/templates/rescues/_request_and_response.html.erb
  Rendered /Users/tnt/.rbenv/versions/2.3.1/lib/ruby/gems/2.3.0/gems/actionpack-5.0.0/lib/action_dispatch/middleware/templates/rescues/_request_and_response.html.erb (1.9ms)
  Rendered /Users/tnt/.rbenv/versions/2.3.1/lib/ruby/gems/2.3.0/gems/actionpack-5.0.0/lib/action_dispatch/middleware/templates/rescues/routing_error.html.erb within rescues/layout (103.4ms)
Started GET "/" for ::1 at 2016-08-05 11:36:52 +0100
Processing by ItemsController#index as HTML
  Rendering items/index.html.erb within layouts/application
  [1m[36mItem Load (0.5ms)[0m  [1m[34mSELECT "items".* FROM "items"[0m
  Rendered items/index.html.erb within layouts/application (7.1ms)
Completed 200 OK in 57ms (Views: 47.7ms | ActiveRecord: 2.7ms)


Started GET "/items/new" for ::1 at 2016-08-05 11:36:55 +0100
Processing by ItemsController#new as HTML
  Rendering items/new.html.erb within layouts/application
  Rendered items/_form.html.erb (17.9ms)
  Rendered items/new.html.erb within layouts/application (21.3ms)
Completed 200 OK in 96ms (Views: 52.0ms | ActiveRecord: 13.1ms)


Started GET "/items" for ::1 at 2016-08-05 11:36:58 +0100
Processing by ItemsController#index as HTML
  Rendering items/index.html.erb within layouts/application
  [1m[36mItem Load (0.4ms)[0m  [1m[34mSELECT "items".* FROM "items"[0m
  Rendered items/index.html.erb within layouts/application (3.6ms)
Completed 200 OK in 49ms (Views: 46.2ms | ActiveRecord: 0.4ms)


Started GET "/items" for ::1 at 2016-08-05 11:40:29 +0100
Processing by ItemsController#index as HTML
  Rendering items/index.html.erb within layouts/application
  [1m[36mItem Load (0.8ms)[0m  [1m[34mSELECT "items".* FROM "items"[0m
  Rendered items/index.html.erb within layouts/application (10.2ms)
Completed 200 OK in 75ms (Views: 56.9ms | ActiveRecord: 0.8ms)


Started GET "/" for ::1 at 2016-08-05 11:40:31 +0100
Processing by ItemsController#index as HTML
  Rendering items/index.html.erb within layouts/application
  [1m[36mItem Load (0.4ms)[0m  [1m[34mSELECT "items".* FROM "items"[0m
  Rendered items/index.html.erb within layouts/application (2.0ms)
Completed 200 OK in 30ms (Views: 27.2ms | ActiveRecord: 0.4ms)


  [1m[35m (0.3ms)[0m  [1m[34mSELECT pg_try_advisory_lock(6856591791419719335);[0m
  [1m[36mActiveRecord::SchemaMigration Load (0.7ms)[0m  [1m[34mSELECT "schema_migrations".* FROM "schema_migrations"[0m
Migrating to AddDeviseToUsers (20160805104155)
  [1m[35m (0.2ms)[0m  [1m[35mBEGIN[0m
  [1m[35m (26.4ms)[0m  [1m[35mALTER TABLE "users" ADD "email" character varying DEFAULT '' NOT NULL[0m
  [1m[35m (4.4ms)[0m  [1m[35mALTER TABLE "users" ADD "encrypted_password" character varying DEFAULT '' NOT NULL[0m
  [1m[35m (0.8ms)[0m  [1m[35mALTER TABLE "users" ADD "reset_password_token" character varying[0m
  [1m[35m (3.9ms)[0m  [1m[35mALTER TABLE "users" ADD "reset_password_sent_at" timestamp[0m
  [1m[35m (0.7ms)[0m  [1m[35mALTER TABLE "users" ADD "remember_created_at" timestamp[0m
  [1m[35m (7.0ms)[0m  [1m[35mALTER TABLE "users" ADD "sign_in_count" integer DEFAULT 0 NOT NULL[0m
  [1m[35m (0.3ms)[0m  [1m[35mALTER TABLE "users" ADD "current_sign_in_at" timestamp[0m
  [1m[35m (0.3ms)[0m  [1m[35mALTER TABLE "users" ADD "last_sign_in_at" timestamp[0m
  [1m[35m (0.3ms)[0m  [1m[35mALTER TABLE "users" ADD "current_sign_in_ip" inet[0m
  [1m[35m (0.3ms)[0m  [1m[35mALTER TABLE "users" ADD "last_sign_in_ip" inet[0m
  [1m[35m (2.8ms)[0m  [1m[35mCREATE UNIQUE INDEX  "index_users_on_email" ON "users"  ("email")[0m
  [1m[35m (3.1ms)[0m  [1m[35mCREATE UNIQUE INDEX  "index_users_on_reset_password_token" ON "users"  ("reset_password_token")[0m
  [1m[35mSQL (0.8ms)[0m  [1m[32mINSERT INTO "schema_migrations" ("version") VALUES ($1) RETURNING "version"[0m  [["version", "20160805104155"]]
  [1m[35m (8.4ms)[0m  [1m[35mCOMMIT[0m
  [1m[36mActiveRecord::InternalMetadata Load (1.6ms)[0m  [1m[34mSELECT  "ar_internal_metadata".* FROM "ar_internal_metadata" WHERE "ar_internal_metadata"."key" = $1 LIMIT $2[0m  [["key", :environment], ["LIMIT", 1]]
  [1m[35m (0.2ms)[0m  [1m[35mBEGIN[0m
  [1m[35m (0.2ms)[0m  [1m[35mCOMMIT[0m
  [1m[35m (1.3ms)[0m  [1m[34mSELECT pg_advisory_unlock(6856591791419719335)[0m
  [1m[36mActiveRecord::SchemaMigration Load (0.3ms)[0m  [1m[34mSELECT "schema_migrations".* FROM "schema_migrations"[0m
  [1m[35m (4.6ms)[0m  [1m[34mSELECT t2.oid::regclass::text AS to_table, a1.attname AS column, a2.attname AS primary_key, c.conname AS name, c.confupdtype AS on_update, c.confdeltype AS on_delete
FROM pg_constraint c
JOIN pg_class t1 ON c.conrelid = t1.oid
JOIN pg_class t2 ON c.confrelid = t2.oid
JOIN pg_attribute a1 ON a1.attnum = c.conkey[1] AND a1.attrelid = t1.oid
JOIN pg_attribute a2 ON a2.attnum = c.confkey[1] AND a2.attrelid = t2.oid
JOIN pg_namespace t3 ON c.connamespace = t3.oid
WHERE c.contype = 'f'
  AND t1.relname = 'items'
  AND t3.nspname = ANY (current_schemas(false))
ORDER BY c.conname
[0m
  [1m[35m (4.2ms)[0m  [1m[34mSELECT t2.oid::regclass::text AS to_table, a1.attname AS column, a2.attname AS primary_key, c.conname AS name, c.confupdtype AS on_update, c.confdeltype AS on_delete
FROM pg_constraint c
JOIN pg_class t1 ON c.conrelid = t1.oid
JOIN pg_class t2 ON c.confrelid = t2.oid
JOIN pg_attribute a1 ON a1.attnum = c.conkey[1] AND a1.attrelid = t1.oid
JOIN pg_attribute a2 ON a2.attnum = c.confkey[1] AND a2.attrelid = t2.oid
JOIN pg_namespace t3 ON c.connamespace = t3.oid
WHERE c.contype = 'f'
  AND t1.relname = 'users'
  AND t3.nspname = ANY (current_schemas(false))
ORDER BY c.conname
[0m
Started GET "/" for ::1 at 2016-08-05 11:49:21 +0100
  [1m[36mActiveRecord::SchemaMigration Load (0.6ms)[0m  [1m[34mSELECT "schema_migrations".* FROM "schema_migrations"[0m
Processing by ItemsController#index as HTML
  Rendering items/index.html.erb within layouts/application
  [1m[36mItem Load (0.9ms)[0m  [1m[34mSELECT "items".* FROM "items"[0m
  Rendered items/index.html.erb within layouts/application (10.1ms)
Completed 200 OK in 297ms (Views: 272.7ms | ActiveRecord: 2.6ms)


Started GET "/users" for ::1 at 2016-08-05 11:49:26 +0100
  
ActionController::RoutingError (No route matches [GET] "/users"):
  
actionpack (5.0.0) lib/action_dispatch/middleware/debug_exceptions.rb:53:in `call'
web-console (3.3.1) lib/web_console/middleware.rb:131:in `call_app'
web-console (3.3.1) lib/web_console/middleware.rb:28:in `block in call'
web-console (3.3.1) lib/web_console/middleware.rb:18:in `catch'
web-console (3.3.1) lib/web_console/middleware.rb:18:in `call'
actionpack (5.0.0) lib/action_dispatch/middleware/show_exceptions.rb:31:in `call'
railties (5.0.0) lib/rails/rack/logger.rb:36:in `call_app'
railties (5.0.0) lib/rails/rack/logger.rb:24:in `block in call'
activesupport (5.0.0) lib/active_support/tagged_logging.rb:70:in `block in tagged'
activesupport (5.0.0) lib/active_support/tagged_logging.rb:26:in `tagged'
activesupport (5.0.0) lib/active_support/tagged_logging.rb:70:in `tagged'
railties (5.0.0) lib/rails/rack/logger.rb:24:in `call'
sprockets-rails (3.1.1) lib/sprockets/rails/quiet_assets.rb:13:in `call'
actionpack (5.0.0) lib/action_dispatch/middleware/request_id.rb:24:in `call'
rack (2.0.1) lib/rack/method_override.rb:22:in `call'
rack (2.0.1) lib/rack/runtime.rb:22:in `call'
activesupport (5.0.0) lib/active_support/cache/strategy/local_cache_middleware.rb:28:in `call'
actionpack (5.0.0) lib/action_dispatch/middleware/executor.rb:12:in `call'
actionpack (5.0.0) lib/action_dispatch/middleware/static.rb:136:in `call'
rack (2.0.1) lib/rack/sendfile.rb:111:in `call'
railties (5.0.0) lib/rails/engine.rb:522:in `call'
puma (3.6.0) lib/puma/configuration.rb:225:in `call'
puma (3.6.0) lib/puma/server.rb:578:in `handle_request'
puma (3.6.0) lib/puma/server.rb:415:in `process_client'
puma (3.6.0) lib/puma/server.rb:275:in `block in run'
puma (3.6.0) lib/puma/thread_pool.rb:116:in `block in spawn_thread'
  Rendering /Users/tnt/.rbenv/versions/2.3.1/lib/ruby/gems/2.3.0/gems/actionpack-5.0.0/lib/action_dispatch/middleware/templates/rescues/routing_error.html.erb within rescues/layout
  Rendering /Users/tnt/.rbenv/versions/2.3.1/lib/ruby/gems/2.3.0/gems/actionpack-5.0.0/lib/action_dispatch/middleware/templates/rescues/_trace.html.erb
  Rendered /Users/tnt/.rbenv/versions/2.3.1/lib/ruby/gems/2.3.0/gems/actionpack-5.0.0/lib/action_dispatch/middleware/templates/rescues/_trace.html.erb (1.1ms)
  Rendered collection of /Users/tnt/.rbenv/versions/2.3.1/lib/ruby/gems/2.3.0/gems/actionpack-5.0.0/lib/action_dispatch/middleware/templates/routes/_route.html.erb [24 times] (6.6ms)
  Rendered /Users/tnt/.rbenv/versions/2.3.1/lib/ruby/gems/2.3.0/gems/actionpack-5.0.0/lib/action_dispatch/middleware/templates/routes/_table.html.erb (15.0ms)
  Rendering /Users/tnt/.rbenv/versions/2.3.1/lib/ruby/gems/2.3.0/gems/actionpack-5.0.0/lib/action_dispatch/middleware/templates/rescues/_request_and_response.html.erb
  Rendered /Users/tnt/.rbenv/versions/2.3.1/lib/ruby/gems/2.3.0/gems/actionpack-5.0.0/lib/action_dispatch/middleware/templates/rescues/_request_and_response.html.erb (1.8ms)
  Rendered /Users/tnt/.rbenv/versions/2.3.1/lib/ruby/gems/2.3.0/gems/actionpack-5.0.0/lib/action_dispatch/middleware/templates/rescues/routing_error.html.erb within rescues/layout (131.0ms)
Started GET "/users" for ::1 at 2016-08-05 11:52:07 +0100
  
ActionController::RoutingError (No route matches [GET] "/users"):
  
actionpack (5.0.0) lib/action_dispatch/middleware/debug_exceptions.rb:53:in `call'
web-console (3.3.1) lib/web_console/middleware.rb:131:in `call_app'
web-console (3.3.1) lib/web_console/middleware.rb:28:in `block in call'
web-console (3.3.1) lib/web_console/middleware.rb:18:in `catch'
web-console (3.3.1) lib/web_console/middleware.rb:18:in `call'
actionpack (5.0.0) lib/action_dispatch/middleware/show_exceptions.rb:31:in `call'
railties (5.0.0) lib/rails/rack/logger.rb:36:in `call_app'
railties (5.0.0) lib/rails/rack/logger.rb:24:in `block in call'
activesupport (5.0.0) lib/active_support/tagged_logging.rb:70:in `block in tagged'
activesupport (5.0.0) lib/active_support/tagged_logging.rb:26:in `tagged'
activesupport (5.0.0) lib/active_support/tagged_logging.rb:70:in `tagged'
railties (5.0.0) lib/rails/rack/logger.rb:24:in `call'
sprockets-rails (3.1.1) lib/sprockets/rails/quiet_assets.rb:13:in `call'
actionpack (5.0.0) lib/action_dispatch/middleware/request_id.rb:24:in `call'
rack (2.0.1) lib/rack/method_override.rb:22:in `call'
rack (2.0.1) lib/rack/runtime.rb:22:in `call'
activesupport (5.0.0) lib/active_support/cache/strategy/local_cache_middleware.rb:28:in `call'
actionpack (5.0.0) lib/action_dispatch/middleware/executor.rb:12:in `call'
actionpack (5.0.0) lib/action_dispatch/middleware/static.rb:136:in `call'
rack (2.0.1) lib/rack/sendfile.rb:111:in `call'
railties (5.0.0) lib/rails/engine.rb:522:in `call'
puma (3.6.0) lib/puma/configuration.rb:225:in `call'
puma (3.6.0) lib/puma/server.rb:578:in `handle_request'
puma (3.6.0) lib/puma/server.rb:415:in `process_client'
puma (3.6.0) lib/puma/server.rb:275:in `block in run'
puma (3.6.0) lib/puma/thread_pool.rb:116:in `block in spawn_thread'
  Rendering /Users/tnt/.rbenv/versions/2.3.1/lib/ruby/gems/2.3.0/gems/actionpack-5.0.0/lib/action_dispatch/middleware/templates/rescues/routing_error.html.erb within rescues/layout
  Rendering /Users/tnt/.rbenv/versions/2.3.1/lib/ruby/gems/2.3.0/gems/actionpack-5.0.0/lib/action_dispatch/middleware/templates/rescues/_trace.html.erb
  Rendered /Users/tnt/.rbenv/versions/2.3.1/lib/ruby/gems/2.3.0/gems/actionpack-5.0.0/lib/action_dispatch/middleware/templates/rescues/_trace.html.erb (2.0ms)
  Rendered collection of /Users/tnt/.rbenv/versions/2.3.1/lib/ruby/gems/2.3.0/gems/actionpack-5.0.0/lib/action_dispatch/middleware/templates/routes/_route.html.erb [26 times] (133.8ms)
  Rendered /Users/tnt/.rbenv/versions/2.3.1/lib/ruby/gems/2.3.0/gems/actionpack-5.0.0/lib/action_dispatch/middleware/templates/routes/_table.html.erb (1.5ms)
  Rendering /Users/tnt/.rbenv/versions/2.3.1/lib/ruby/gems/2.3.0/gems/actionpack-5.0.0/lib/action_dispatch/middleware/templates/rescues/_request_and_response.html.erb
  Rendered /Users/tnt/.rbenv/versions/2.3.1/lib/ruby/gems/2.3.0/gems/actionpack-5.0.0/lib/action_dispatch/middleware/templates/rescues/_request_and_response.html.erb (2.7ms)
  Rendered /Users/tnt/.rbenv/versions/2.3.1/lib/ruby/gems/2.3.0/gems/actionpack-5.0.0/lib/action_dispatch/middleware/templates/rescues/routing_error.html.erb within rescues/layout (252.1ms)
Started GET "/users" for ::1 at 2016-08-05 11:52:33 +0100
  [1m[36mActiveRecord::SchemaMigration Load (0.7ms)[0m  [1m[34mSELECT "schema_migrations".* FROM "schema_migrations"[0m
  
ActionController::RoutingError (No route matches [GET] "/users"):
  
actionpack (5.0.0) lib/action_dispatch/middleware/debug_exceptions.rb:53:in `call'
web-console (3.3.1) lib/web_console/middleware.rb:131:in `call_app'
web-console (3.3.1) lib/web_console/middleware.rb:28:in `block in call'
web-console (3.3.1) lib/web_console/middleware.rb:18:in `catch'
web-console (3.3.1) lib/web_console/middleware.rb:18:in `call'
actionpack (5.0.0) lib/action_dispatch/middleware/show_exceptions.rb:31:in `call'
railties (5.0.0) lib/rails/rack/logger.rb:36:in `call_app'
railties (5.0.0) lib/rails/rack/logger.rb:24:in `block in call'
activesupport (5.0.0) lib/active_support/tagged_logging.rb:70:in `block in tagged'
activesupport (5.0.0) lib/active_support/tagged_logging.rb:26:in `tagged'
activesupport (5.0.0) lib/active_support/tagged_logging.rb:70:in `tagged'
railties (5.0.0) lib/rails/rack/logger.rb:24:in `call'
sprockets-rails (3.1.1) lib/sprockets/rails/quiet_assets.rb:13:in `call'
actionpack (5.0.0) lib/action_dispatch/middleware/request_id.rb:24:in `call'
rack (2.0.1) lib/rack/method_override.rb:22:in `call'
rack (2.0.1) lib/rack/runtime.rb:22:in `call'
activesupport (5.0.0) lib/active_support/cache/strategy/local_cache_middleware.rb:28:in `call'
actionpack (5.0.0) lib/action_dispatch/middleware/executor.rb:12:in `call'
actionpack (5.0.0) lib/action_dispatch/middleware/static.rb:136:in `call'
rack (2.0.1) lib/rack/sendfile.rb:111:in `call'
railties (5.0.0) lib/rails/engine.rb:522:in `call'
puma (3.6.0) lib/puma/configuration.rb:225:in `call'
puma (3.6.0) lib/puma/server.rb:578:in `handle_request'
puma (3.6.0) lib/puma/server.rb:415:in `process_client'
puma (3.6.0) lib/puma/server.rb:275:in `block in run'
puma (3.6.0) lib/puma/thread_pool.rb:116:in `block in spawn_thread'
  Rendering /Users/tnt/.rbenv/versions/2.3.1/lib/ruby/gems/2.3.0/gems/actionpack-5.0.0/lib/action_dispatch/middleware/templates/rescues/routing_error.html.erb within rescues/layout
  Rendering /Users/tnt/.rbenv/versions/2.3.1/lib/ruby/gems/2.3.0/gems/actionpack-5.0.0/lib/action_dispatch/middleware/templates/rescues/_trace.html.erb
  Rendered /Users/tnt/.rbenv/versions/2.3.1/lib/ruby/gems/2.3.0/gems/actionpack-5.0.0/lib/action_dispatch/middleware/templates/rescues/_trace.html.erb (1.1ms)
  Rendered collection of /Users/tnt/.rbenv/versions/2.3.1/lib/ruby/gems/2.3.0/gems/actionpack-5.0.0/lib/action_dispatch/middleware/templates/routes/_route.html.erb [26 times] (7.1ms)
  Rendered /Users/tnt/.rbenv/versions/2.3.1/lib/ruby/gems/2.3.0/gems/actionpack-5.0.0/lib/action_dispatch/middleware/templates/routes/_table.html.erb (10.4ms)
  Rendering /Users/tnt/.rbenv/versions/2.3.1/lib/ruby/gems/2.3.0/gems/actionpack-5.0.0/lib/action_dispatch/middleware/templates/rescues/_request_and_response.html.erb
  Rendered /Users/tnt/.rbenv/versions/2.3.1/lib/ruby/gems/2.3.0/gems/actionpack-5.0.0/lib/action_dispatch/middleware/templates/rescues/_request_and_response.html.erb (11.4ms)
  Rendered /Users/tnt/.rbenv/versions/2.3.1/lib/ruby/gems/2.3.0/gems/actionpack-5.0.0/lib/action_dispatch/middleware/templates/rescues/routing_error.html.erb within rescues/layout (141.3ms)
Started GET "/user" for ::1 at 2016-08-05 11:52:40 +0100
  
ActionController::RoutingError (No route matches [GET] "/user"):
  
actionpack (5.0.0) lib/action_dispatch/middleware/debug_exceptions.rb:53:in `call'
web-console (3.3.1) lib/web_console/middleware.rb:131:in `call_app'
web-console (3.3.1) lib/web_console/middleware.rb:28:in `block in call'
web-console (3.3.1) lib/web_console/middleware.rb:18:in `catch'
web-console (3.3.1) lib/web_console/middleware.rb:18:in `call'
actionpack (5.0.0) lib/action_dispatch/middleware/show_exceptions.rb:31:in `call'
railties (5.0.0) lib/rails/rack/logger.rb:36:in `call_app'
railties (5.0.0) lib/rails/rack/logger.rb:24:in `block in call'
activesupport (5.0.0) lib/active_support/tagged_logging.rb:70:in `block in tagged'
activesupport (5.0.0) lib/active_support/tagged_logging.rb:26:in `tagged'
activesupport (5.0.0) lib/active_support/tagged_logging.rb:70:in `tagged'
railties (5.0.0) lib/rails/rack/logger.rb:24:in `call'
sprockets-rails (3.1.1) lib/sprockets/rails/quiet_assets.rb:13:in `call'
actionpack (5.0.0) lib/action_dispatch/middleware/request_id.rb:24:in `call'
rack (2.0.1) lib/rack/method_override.rb:22:in `call'
rack (2.0.1) lib/rack/runtime.rb:22:in `call'
activesupport (5.0.0) lib/active_support/cache/strategy/local_cache_middleware.rb:28:in `call'
actionpack (5.0.0) lib/action_dispatch/middleware/executor.rb:12:in `call'
actionpack (5.0.0) lib/action_dispatch/middleware/static.rb:136:in `call'
rack (2.0.1) lib/rack/sendfile.rb:111:in `call'
railties (5.0.0) lib/rails/engine.rb:522:in `call'
puma (3.6.0) lib/puma/configuration.rb:225:in `call'
puma (3.6.0) lib/puma/server.rb:578:in `handle_request'
puma (3.6.0) lib/puma/server.rb:415:in `process_client'
puma (3.6.0) lib/puma/server.rb:275:in `block in run'
puma (3.6.0) lib/puma/thread_pool.rb:116:in `block in spawn_thread'
  Rendering /Users/tnt/.rbenv/versions/2.3.1/lib/ruby/gems/2.3.0/gems/actionpack-5.0.0/lib/action_dispatch/middleware/templates/rescues/routing_error.html.erb within rescues/layout
  Rendering /Users/tnt/.rbenv/versions/2.3.1/lib/ruby/gems/2.3.0/gems/actionpack-5.0.0/lib/action_dispatch/middleware/templates/rescues/_trace.html.erb
  Rendered /Users/tnt/.rbenv/versions/2.3.1/lib/ruby/gems/2.3.0/gems/actionpack-5.0.0/lib/action_dispatch/middleware/templates/rescues/_trace.html.erb (1.2ms)
  Rendered collection of /Users/tnt/.rbenv/versions/2.3.1/lib/ruby/gems/2.3.0/gems/actionpack-5.0.0/lib/action_dispatch/middleware/templates/routes/_route.html.erb [26 times] (11.0ms)
  Rendered /Users/tnt/.rbenv/versions/2.3.1/lib/ruby/gems/2.3.0/gems/actionpack-5.0.0/lib/action_dispatch/middleware/templates/routes/_table.html.erb (1.1ms)
  Rendering /Users/tnt/.rbenv/versions/2.3.1/lib/ruby/gems/2.3.0/gems/actionpack-5.0.0/lib/action_dispatch/middleware/templates/rescues/_request_and_response.html.erb
  Rendered /Users/tnt/.rbenv/versions/2.3.1/lib/ruby/gems/2.3.0/gems/actionpack-5.0.0/lib/action_dispatch/middleware/templates/rescues/_request_and_response.html.erb (1.2ms)
  Rendered /Users/tnt/.rbenv/versions/2.3.1/lib/ruby/gems/2.3.0/gems/actionpack-5.0.0/lib/action_dispatch/middleware/templates/rescues/routing_error.html.erb within rescues/layout (112.4ms)
Started GET "/users/index" for ::1 at 2016-08-05 11:52:51 +0100
Processing by UsersController#index as HTML
  Rendering users/index.html.erb within layouts/application
  Rendered users/index.html.erb within layouts/application (0.4ms)
Completed 200 OK in 420ms (Views: 413.3ms | ActiveRecord: 0.0ms)


Started GET "/" for ::1 at 2016-08-05 11:57:18 +0100
  [1m[36mActiveRecord::SchemaMigration Load (0.8ms)[0m  [1m[34mSELECT "schema_migrations".* FROM "schema_migrations"[0m
Processing by ItemsController#index as HTML
  Rendering items/index.html.erb within layouts/application
  [1m[36mItem Load (1.0ms)[0m  [1m[34mSELECT "items".* FROM "items"[0m
  Rendered items/index.html.erb within layouts/application (11.1ms)
Completed 200 OK in 306ms (Views: 270.7ms | ActiveRecord: 2.6ms)


Started GET "/items/new" for ::1 at 2016-08-05 11:57:20 +0100
Processing by ItemsController#new as HTML
Completed 500 Internal Server Error in 70ms (ActiveRecord: 0.0ms)


  
NoMethodError (undefined method `before_action' for #<ItemsController:0x007f986ba090c8>):
  
app/controllers/items_controller.rb:17:in `new'
  Rendering /Users/tnt/.rbenv/versions/2.3.1/lib/ruby/gems/2.3.0/gems/actionpack-5.0.0/lib/action_dispatch/middleware/templates/rescues/diagnostics.html.erb within rescues/layout
  Rendering /Users/tnt/.rbenv/versions/2.3.1/lib/ruby/gems/2.3.0/gems/actionpack-5.0.0/lib/action_dispatch/middleware/templates/rescues/_source.html.erb
  Rendered /Users/tnt/.rbenv/versions/2.3.1/lib/ruby/gems/2.3.0/gems/actionpack-5.0.0/lib/action_dispatch/middleware/templates/rescues/_source.html.erb (5.4ms)
  Rendering /Users/tnt/.rbenv/versions/2.3.1/lib/ruby/gems/2.3.0/gems/actionpack-5.0.0/lib/action_dispatch/middleware/templates/rescues/_trace.html.erb
  Rendered /Users/tnt/.rbenv/versions/2.3.1/lib/ruby/gems/2.3.0/gems/actionpack-5.0.0/lib/action_dispatch/middleware/templates/rescues/_trace.html.erb (1.9ms)
  Rendering /Users/tnt/.rbenv/versions/2.3.1/lib/ruby/gems/2.3.0/gems/actionpack-5.0.0/lib/action_dispatch/middleware/templates/rescues/_request_and_response.html.erb
  Rendered /Users/tnt/.rbenv/versions/2.3.1/lib/ruby/gems/2.3.0/gems/actionpack-5.0.0/lib/action_dispatch/middleware/templates/rescues/_request_and_response.html.erb (0.9ms)
  Rendered /Users/tnt/.rbenv/versions/2.3.1/lib/ruby/gems/2.3.0/gems/actionpack-5.0.0/lib/action_dispatch/middleware/templates/rescues/diagnostics.html.erb within rescues/layout (134.8ms)
Started GET "/" for ::1 at 2016-08-05 11:59:39 +0100
Processing by ItemsController#index as HTML
  Rendering items/index.html.erb within layouts/application
  [1m[36mItem Load (0.6ms)[0m  [1m[34mSELECT "items".* FROM "items"[0m
  Rendered items/index.html.erb within layouts/application (6.4ms)
Completed 200 OK in 66ms (Views: 53.1ms | ActiveRecord: 2.5ms)


Started GET "/items/new" for ::1 at 2016-08-05 11:59:41 +0100
Processing by ItemsController#new as HTML
Completed 500 Internal Server Error in 89ms (ActiveRecord: 0.0ms)


  
NoMethodError (undefined method `before_action' for #<ItemsController:0x007f986f4faa10>):
  
app/controllers/items_controller.rb:17:in `new'
  Rendering /Users/tnt/.rbenv/versions/2.3.1/lib/ruby/gems/2.3.0/gems/actionpack-5.0.0/lib/action_dispatch/middleware/templates/rescues/diagnostics.html.erb within rescues/layout
  Rendering /Users/tnt/.rbenv/versions/2.3.1/lib/ruby/gems/2.3.0/gems/actionpack-5.0.0/lib/action_dispatch/middleware/templates/rescues/_source.html.erb
  Rendered /Users/tnt/.rbenv/versions/2.3.1/lib/ruby/gems/2.3.0/gems/actionpack-5.0.0/lib/action_dispatch/middleware/templates/rescues/_source.html.erb (7.3ms)
  Rendering /Users/tnt/.rbenv/versions/2.3.1/lib/ruby/gems/2.3.0/gems/actionpack-5.0.0/lib/action_dispatch/middleware/templates/rescues/_trace.html.erb
  Rendered /Users/tnt/.rbenv/versions/2.3.1/lib/ruby/gems/2.3.0/gems/actionpack-5.0.0/lib/action_dispatch/middleware/templates/rescues/_trace.html.erb (7.4ms)
  Rendering /Users/tnt/.rbenv/versions/2.3.1/lib/ruby/gems/2.3.0/gems/actionpack-5.0.0/lib/action_dispatch/middleware/templates/rescues/_request_and_response.html.erb
  Rendered /Users/tnt/.rbenv/versions/2.3.1/lib/ruby/gems/2.3.0/gems/actionpack-5.0.0/lib/action_dispatch/middleware/templates/rescues/_request_and_response.html.erb (0.8ms)
  Rendered /Users/tnt/.rbenv/versions/2.3.1/lib/ruby/gems/2.3.0/gems/actionpack-5.0.0/lib/action_dispatch/middleware/templates/rescues/diagnostics.html.erb within rescues/layout (180.8ms)
Started GET "/" for ::1 at 2016-08-05 11:59:47 +0100
Processing by ItemsController#index as HTML
  Rendering items/index.html.erb within layouts/application
  [1m[36mItem Load (1.1ms)[0m  [1m[34mSELECT "items".* FROM "items"[0m
  Rendered items/index.html.erb within layouts/application (2.8ms)
Completed 200 OK in 35ms (Views: 30.0ms | ActiveRecord: 1.1ms)


Started GET "/" for ::1 at 2016-08-05 12:02:19 +0100
Processing by ItemsController#index as HTML
Completed 401 Unauthorized in 12ms (ActiveRecord: 0.0ms)


Started GET "/users/sign_in" for ::1 at 2016-08-05 12:02:19 +0100
Processing by Devise::SessionsController#new as HTML
  Rendering devise/sessions/new.html.erb within layouts/application
  Rendered devise/shared/_links.html.erb (2.8ms)
  Rendered devise/sessions/new.html.erb within layouts/application (43.4ms)
Completed 200 OK in 164ms (Views: 113.2ms | ActiveRecord: 15.8ms)


Started GET "/" for ::1 at 2016-08-05 12:03:49 +0100
  [1m[36mActiveRecord::SchemaMigration Load (0.8ms)[0m  [1m[34mSELECT "schema_migrations".* FROM "schema_migrations"[0m
Processing by ItemsController#index as HTML
Completed 401 Unauthorized in 20ms (ActiveRecord: 0.0ms)


Started GET "/users/sign_in" for ::1 at 2016-08-05 12:03:49 +0100
Processing by Devise::SessionsController#new as HTML
  Rendering devise/sessions/new.html.erb within layouts/application
  Rendered devise/shared/_links.html.erb (1.5ms)
  Rendered devise/sessions/new.html.erb within layouts/application (25.8ms)
Completed 200 OK in 359ms (Views: 338.8ms | ActiveRecord: 6.4ms)


Started GET "/" for ::1 at 2016-08-05 12:05:28 +0100
Started GET "/" for ::1 at 2016-08-05 12:05:28 +0100
  [1m[36mActiveRecord::SchemaMigration Load (0.6ms)[0m  [1m[34mSELECT "schema_migrations".* FROM "schema_migrations"[0m
  [1m[36mActiveRecord::SchemaMigration Load (0.5ms)[0m  [1m[34mSELECT "schema_migrations".* FROM "schema_migrations"[0m
  
  
SyntaxError (/Users/tnt/Desktop/development/WDI_21_PROJECT2/app/controllers/items_controller.rb:16: syntax error, unexpected modifier_if, expecting ';' or '\n'
  def new if user_signed_in?
            ^
/Users/tnt/Desktop/development/WDI_21_PROJECT2/app/controllers/items_controller.rb:74: syntax error, unexpected keyword_end, expecting end-of-input):
SyntaxError (/Users/tnt/Desktop/development/WDI_21_PROJECT2/app/controllers/items_controller.rb:16: syntax error, unexpected modifier_if, expecting ';' or '\n'
  def new if user_signed_in?
            ^
/Users/tnt/Desktop/development/WDI_21_PROJECT2/app/controllers/items_controller.rb:74: syntax error, unexpected keyword_end, expecting end-of-input):
  
  
app/controllers/items_controller.rb:16: syntax error, unexpected modifier_if, expecting ';' or '\n'
app/controllers/items_controller.rb:16: syntax error, unexpected modifier_if, expecting ';' or '\n'
app/controllers/items_controller.rb:74: syntax error, unexpected keyword_end, expecting end-of-input
app/controllers/items_controller.rb:74: syntax error, unexpected keyword_end, expecting end-of-input
  Rendering /Users/tnt/.rbenv/versions/2.3.1/lib/ruby/gems/2.3.0/gems/actionpack-5.0.0/lib/action_dispatch/middleware/templates/rescues/diagnostics.html.erb within rescues/layout
  Rendering /Users/tnt/.rbenv/versions/2.3.1/lib/ruby/gems/2.3.0/gems/actionpack-5.0.0/lib/action_dispatch/middleware/templates/rescues/diagnostics.html.erb within rescues/layout
  Rendering /Users/tnt/.rbenv/versions/2.3.1/lib/ruby/gems/2.3.0/gems/actionpack-5.0.0/lib/action_dispatch/middleware/templates/rescues/_source.html.erb
  Rendering /Users/tnt/.rbenv/versions/2.3.1/lib/ruby/gems/2.3.0/gems/actionpack-5.0.0/lib/action_dispatch/middleware/templates/rescues/_source.html.erb
  Rendered /Users/tnt/.rbenv/versions/2.3.1/lib/ruby/gems/2.3.0/gems/actionpack-5.0.0/lib/action_dispatch/middleware/templates/rescues/_source.html.erb (6.0ms)
  Rendered /Users/tnt/.rbenv/versions/2.3.1/lib/ruby/gems/2.3.0/gems/actionpack-5.0.0/lib/action_dispatch/middleware/templates/rescues/_source.html.erb (6.6ms)
  Rendering /Users/tnt/.rbenv/versions/2.3.1/lib/ruby/gems/2.3.0/gems/actionpack-5.0.0/lib/action_dispatch/middleware/templates/rescues/_trace.html.erb
  Rendering /Users/tnt/.rbenv/versions/2.3.1/lib/ruby/gems/2.3.0/gems/actionpack-5.0.0/lib/action_dispatch/middleware/templates/rescues/_trace.html.erb
  Rendered /Users/tnt/.rbenv/versions/2.3.1/lib/ruby/gems/2.3.0/gems/actionpack-5.0.0/lib/action_dispatch/middleware/templates/rescues/_trace.html.erb (1.5ms)
  Rendered /Users/tnt/.rbenv/versions/2.3.1/lib/ruby/gems/2.3.0/gems/actionpack-5.0.0/lib/action_dispatch/middleware/templates/rescues/_trace.html.erb (1.7ms)
  Rendering /Users/tnt/.rbenv/versions/2.3.1/lib/ruby/gems/2.3.0/gems/actionpack-5.0.0/lib/action_dispatch/middleware/templates/rescues/_request_and_response.html.erb
  Rendering /Users/tnt/.rbenv/versions/2.3.1/lib/ruby/gems/2.3.0/gems/actionpack-5.0.0/lib/action_dispatch/middleware/templates/rescues/_request_and_response.html.erb
  Rendered /Users/tnt/.rbenv/versions/2.3.1/lib/ruby/gems/2.3.0/gems/actionpack-5.0.0/lib/action_dispatch/middleware/templates/rescues/_request_and_response.html.erb (11.5ms)
  Rendered /Users/tnt/.rbenv/versions/2.3.1/lib/ruby/gems/2.3.0/gems/actionpack-5.0.0/lib/action_dispatch/middleware/templates/rescues/_request_and_response.html.erb (1.0ms)
  Rendered /Users/tnt/.rbenv/versions/2.3.1/lib/ruby/gems/2.3.0/gems/actionpack-5.0.0/lib/action_dispatch/middleware/templates/rescues/diagnostics.html.erb within rescues/layout (196.8ms)
  Rendered /Users/tnt/.rbenv/versions/2.3.1/lib/ruby/gems/2.3.0/gems/actionpack-5.0.0/lib/action_dispatch/middleware/templates/rescues/diagnostics.html.erb within rescues/layout (198.7ms)
Started GET "/" for ::1 at 2016-08-05 12:07:58 +0100
Processing by ItemsController#index as HTML
  Rendering items/index.html.erb within layouts/application
  [1m[36mItem Load (1.4ms)[0m  [1m[34mSELECT "items".* FROM "items"[0m
  Rendered items/index.html.erb within layouts/application (10.3ms)
Completed 200 OK in 409ms (Views: 374.7ms | ActiveRecord: 5.5ms)


Started GET "/items/new" for ::1 at 2016-08-05 12:08:02 +0100
Processing by ItemsController#new as HTML
Completed 500 Internal Server Error in 62ms (ActiveRecord: 0.0ms)


  
NoMethodError (undefined method `authorize!' for #<ItemsController:0x007fe8a5ac47f8>):
  
app/controllers/items_controller.rb:17:in `new'
  Rendering /Users/tnt/.rbenv/versions/2.3.1/lib/ruby/gems/2.3.0/gems/actionpack-5.0.0/lib/action_dispatch/middleware/templates/rescues/diagnostics.html.erb within rescues/layout
  Rendering /Users/tnt/.rbenv/versions/2.3.1/lib/ruby/gems/2.3.0/gems/actionpack-5.0.0/lib/action_dispatch/middleware/templates/rescues/_source.html.erb
  Rendered /Users/tnt/.rbenv/versions/2.3.1/lib/ruby/gems/2.3.0/gems/actionpack-5.0.0/lib/action_dispatch/middleware/templates/rescues/_source.html.erb (5.2ms)
  Rendering /Users/tnt/.rbenv/versions/2.3.1/lib/ruby/gems/2.3.0/gems/actionpack-5.0.0/lib/action_dispatch/middleware/templates/rescues/_trace.html.erb
  Rendered /Users/tnt/.rbenv/versions/2.3.1/lib/ruby/gems/2.3.0/gems/actionpack-5.0.0/lib/action_dispatch/middleware/templates/rescues/_trace.html.erb (2.3ms)
  Rendering /Users/tnt/.rbenv/versions/2.3.1/lib/ruby/gems/2.3.0/gems/actionpack-5.0.0/lib/action_dispatch/middleware/templates/rescues/_request_and_response.html.erb
  Rendered /Users/tnt/.rbenv/versions/2.3.1/lib/ruby/gems/2.3.0/gems/actionpack-5.0.0/lib/action_dispatch/middleware/templates/rescues/_request_and_response.html.erb (1.1ms)
  Rendered /Users/tnt/.rbenv/versions/2.3.1/lib/ruby/gems/2.3.0/gems/actionpack-5.0.0/lib/action_dispatch/middleware/templates/rescues/diagnostics.html.erb within rescues/layout (134.1ms)
Started GET "/" for ::1 at 2016-08-05 12:08:06 +0100
Processing by ItemsController#index as HTML
  Rendering items/index.html.erb within layouts/application
  [1m[36mItem Load (0.9ms)[0m  [1m[34mSELECT "items".* FROM "items"[0m
  Rendered items/index.html.erb within layouts/application (3.1ms)
Completed 200 OK in 49ms (Views: 45.1ms | ActiveRecord: 0.9ms)


Started GET "/items/new" for ::1 at 2016-08-05 12:08:25 +0100
Processing by ItemsController#new as HTML
Completed 401 Unauthorized in 7ms (ActiveRecord: 0.0ms)


Started GET "/users/sign_in" for ::1 at 2016-08-05 12:08:25 +0100
Processing by Devise::SessionsController#new as HTML
  Rendering devise/sessions/new.html.erb within layouts/application
  Rendered devise/shared/_links.html.erb (1.1ms)
  Rendered devise/sessions/new.html.erb within layouts/application (27.4ms)
Completed 200 OK in 87ms (Views: 65.0ms | ActiveRecord: 9.2ms)


Started GET "/" for ::1 at 2016-08-05 12:09:51 +0100
  [1m[36mActiveRecord::SchemaMigration Load (0.6ms)[0m  [1m[34mSELECT "schema_migrations".* FROM "schema_migrations"[0m
DEPRECATION WARNING: before_filter is deprecated and will be removed in Rails 5.1. Use before_action instead. (called from <class:ItemsController> at /Users/tnt/Desktop/development/WDI_21_PROJECT2/app/controllers/items_controller.rb:3)
Processing by ItemsController#index as HTML
  Rendering items/index.html.erb within layouts/application
  [1m[36mItem Load (0.8ms)[0m  [1m[34mSELECT "items".* FROM "items"[0m
  Rendered items/index.html.erb within layouts/application (10.3ms)
Completed 200 OK in 286ms (Views: 255.6ms | ActiveRecord: 2.3ms)


Started GET "/items/new" for ::1 at 2016-08-05 12:09:54 +0100
Processing by ItemsController#new as HTML
Completed 401 Unauthorized in 6ms (ActiveRecord: 0.0ms)


Started GET "/users/sign_in" for ::1 at 2016-08-05 12:09:54 +0100
Processing by Devise::SessionsController#new as HTML
  Rendering devise/sessions/new.html.erb within layouts/application
  Rendered devise/shared/_links.html.erb (1.1ms)
  Rendered devise/sessions/new.html.erb within layouts/application (22.0ms)
Completed 200 OK in 70ms (Views: 48.8ms | ActiveRecord: 7.8ms)


Started GET "/routes" for ::1 at 2016-08-05 12:13:01 +0100
  
ActionController::RoutingError (No route matches [GET] "/routes"):
  
actionpack (5.0.0) lib/action_dispatch/middleware/debug_exceptions.rb:53:in `call'
web-console (3.3.1) lib/web_console/middleware.rb:131:in `call_app'
web-console (3.3.1) lib/web_console/middleware.rb:28:in `block in call'
web-console (3.3.1) lib/web_console/middleware.rb:18:in `catch'
web-console (3.3.1) lib/web_console/middleware.rb:18:in `call'
actionpack (5.0.0) lib/action_dispatch/middleware/show_exceptions.rb:31:in `call'
railties (5.0.0) lib/rails/rack/logger.rb:36:in `call_app'
railties (5.0.0) lib/rails/rack/logger.rb:24:in `block in call'
activesupport (5.0.0) lib/active_support/tagged_logging.rb:70:in `block in tagged'
activesupport (5.0.0) lib/active_support/tagged_logging.rb:26:in `tagged'
activesupport (5.0.0) lib/active_support/tagged_logging.rb:70:in `tagged'
railties (5.0.0) lib/rails/rack/logger.rb:24:in `call'
sprockets-rails (3.1.1) lib/sprockets/rails/quiet_assets.rb:13:in `call'
actionpack (5.0.0) lib/action_dispatch/middleware/request_id.rb:24:in `call'
rack (2.0.1) lib/rack/method_override.rb:22:in `call'
rack (2.0.1) lib/rack/runtime.rb:22:in `call'
activesupport (5.0.0) lib/active_support/cache/strategy/local_cache_middleware.rb:28:in `call'
actionpack (5.0.0) lib/action_dispatch/middleware/executor.rb:12:in `call'
actionpack (5.0.0) lib/action_dispatch/middleware/static.rb:136:in `call'
rack (2.0.1) lib/rack/sendfile.rb:111:in `call'
railties (5.0.0) lib/rails/engine.rb:522:in `call'
puma (3.6.0) lib/puma/configuration.rb:225:in `call'
puma (3.6.0) lib/puma/server.rb:578:in `handle_request'
puma (3.6.0) lib/puma/server.rb:415:in `process_client'
puma (3.6.0) lib/puma/server.rb:275:in `block in run'
puma (3.6.0) lib/puma/thread_pool.rb:116:in `block in spawn_thread'
  Rendering /Users/tnt/.rbenv/versions/2.3.1/lib/ruby/gems/2.3.0/gems/actionpack-5.0.0/lib/action_dispatch/middleware/templates/rescues/routing_error.html.erb within rescues/layout
  Rendering /Users/tnt/.rbenv/versions/2.3.1/lib/ruby/gems/2.3.0/gems/actionpack-5.0.0/lib/action_dispatch/middleware/templates/rescues/_trace.html.erb
  Rendered /Users/tnt/.rbenv/versions/2.3.1/lib/ruby/gems/2.3.0/gems/actionpack-5.0.0/lib/action_dispatch/middleware/templates/rescues/_trace.html.erb (2.4ms)
  Rendered collection of /Users/tnt/.rbenv/versions/2.3.1/lib/ruby/gems/2.3.0/gems/actionpack-5.0.0/lib/action_dispatch/middleware/templates/routes/_route.html.erb [26 times] (10.4ms)
  Rendered /Users/tnt/.rbenv/versions/2.3.1/lib/ruby/gems/2.3.0/gems/actionpack-5.0.0/lib/action_dispatch/middleware/templates/routes/_table.html.erb (3.7ms)
  Rendering /Users/tnt/.rbenv/versions/2.3.1/lib/ruby/gems/2.3.0/gems/actionpack-5.0.0/lib/action_dispatch/middleware/templates/rescues/_request_and_response.html.erb
  Rendered /Users/tnt/.rbenv/versions/2.3.1/lib/ruby/gems/2.3.0/gems/actionpack-5.0.0/lib/action_dispatch/middleware/templates/rescues/_request_and_response.html.erb (2.8ms)
  Rendered /Users/tnt/.rbenv/versions/2.3.1/lib/ruby/gems/2.3.0/gems/actionpack-5.0.0/lib/action_dispatch/middleware/templates/rescues/routing_error.html.erb within rescues/layout (120.6ms)
Started GET "/" for ::1 at 2016-08-05 12:16:48 +0100
  [1m[36mActiveRecord::SchemaMigration Load (0.6ms)[0m  [1m[34mSELECT "schema_migrations".* FROM "schema_migrations"[0m
DEPRECATION WARNING: before_filter is deprecated and will be removed in Rails 5.1. Use before_action instead. (called from <class:ItemsController> at /Users/tnt/Desktop/development/WDI_21_PROJECT2/app/controllers/items_controller.rb:3)
Processing by ItemsController#index as HTML
  Rendering items/index.html.erb within layouts/application
  [1m[36mItem Load (1.5ms)[0m  [1m[34mSELECT "items".* FROM "items"[0m
  Rendered items/index.html.erb within layouts/application (14.4ms)
Completed 200 OK in 301ms (Views: 272.8ms | ActiveRecord: 3.1ms)


Started GET "/items/new" for ::1 at 2016-08-05 12:16:50 +0100
Processing by ItemsController#new as HTML
Completed 401 Unauthorized in 1ms (ActiveRecord: 0.0ms)


Started GET "/users/sign_in" for ::1 at 2016-08-05 12:16:50 +0100
Processing by Devise::SessionsController#new as HTML
  Rendering devise/sessions/new.html.erb within layouts/application
  Rendered devise/shared/_links.html.erb (1.2ms)
  Rendered devise/sessions/new.html.erb within layouts/application (22.6ms)
Completed 200 OK in 72ms (Views: 51.4ms | ActiveRecord: 5.9ms)


Started GET "/users/sign_up" for ::1 at 2016-08-05 12:16:58 +0100
Processing by Devise::RegistrationsController#new as HTML
  Rendering devise/registrations/new.html.erb within layouts/application
  Rendered devise/shared/_links.html.erb (1.1ms)
  Rendered devise/registrations/new.html.erb within layouts/application (6.1ms)
Completed 200 OK in 46ms (Views: 44.7ms | ActiveRecord: 0.0ms)


Started GET "/users/sign_in" for ::1 at 2016-08-05 12:17:01 +0100
Processing by Devise::SessionsController#new as HTML
  Rendering devise/sessions/new.html.erb within layouts/application
  Rendered devise/shared/_links.html.erb (1.6ms)
  Rendered devise/sessions/new.html.erb within layouts/application (7.5ms)
Completed 200 OK in 78ms (Views: 76.2ms | ActiveRecord: 0.0ms)


Started GET "/users/sign_up" for ::1 at 2016-08-05 12:17:03 +0100
Processing by Devise::RegistrationsController#new as HTML
  Rendering devise/registrations/new.html.erb within layouts/application
  Rendered devise/shared/_links.html.erb (2.0ms)
  Rendered devise/registrations/new.html.erb within layouts/application (11.8ms)
Completed 200 OK in 93ms (Views: 90.7ms | ActiveRecord: 0.0ms)


Started GET "/users/sign_in" for ::1 at 2016-08-05 12:17:04 +0100
Processing by Devise::SessionsController#new as HTML
  Rendering devise/sessions/new.html.erb within layouts/application
  Rendered devise/shared/_links.html.erb (3.1ms)
  Rendered devise/sessions/new.html.erb within layouts/application (22.2ms)
Completed 200 OK in 73ms (Views: 68.7ms | ActiveRecord: 0.0ms)


Started GET "/users/sign_up" for ::1 at 2016-08-05 12:17:05 +0100
Processing by Devise::RegistrationsController#new as HTML
  Rendering devise/registrations/new.html.erb within layouts/application
  Rendered devise/shared/_links.html.erb (1.8ms)
  Rendered devise/registrations/new.html.erb within layouts/application (9.4ms)
Completed 200 OK in 60ms (Views: 58.2ms | ActiveRecord: 0.0ms)


Started GET "/users/sign_up" for ::1 at 2016-08-05 12:18:21 +0100
Processing by Devise::RegistrationsController#new as HTML
  Rendering devise/registrations/new.html.erb within layouts/application
  Rendered devise/registrations/new.html.erb within layouts/application (252.5ms)
Completed 500 Internal Server Error in 269ms (ActiveRecord: 0.0ms)


  
ActionView::Template::Error (undefined method `input_field' for #<ActionView::Helpers::FormBuilder:0x007fedc536a870>):
    10: 
    11:   <div class="field">
    12:     <%= f.label :username %><br />
    13:     <%= f.input_field :username, autofocus: true %>
    14:   </div>
    15: 
    16:   <div class="field">
  
app/views/devise/registrations/new.html.erb:13:in `block in _app_views_devise_registrations_new_html_erb___4383864175436402193_70329596773020'
app/views/devise/registrations/new.html.erb:3:in `_app_views_devise_registrations_new_html_erb___4383864175436402193_70329596773020'
  Rendering /Users/tnt/.rbenv/versions/2.3.1/lib/ruby/gems/2.3.0/gems/actionpack-5.0.0/lib/action_dispatch/middleware/templates/rescues/template_error.html.erb within rescues/layout
  Rendering /Users/tnt/.rbenv/versions/2.3.1/lib/ruby/gems/2.3.0/gems/actionpack-5.0.0/lib/action_dispatch/middleware/templates/rescues/_source.html.erb
  Rendered /Users/tnt/.rbenv/versions/2.3.1/lib/ruby/gems/2.3.0/gems/actionpack-5.0.0/lib/action_dispatch/middleware/templates/rescues/_source.html.erb (5.5ms)
  Rendering /Users/tnt/.rbenv/versions/2.3.1/lib/ruby/gems/2.3.0/gems/actionpack-5.0.0/lib/action_dispatch/middleware/templates/rescues/_trace.html.erb
  Rendered /Users/tnt/.rbenv/versions/2.3.1/lib/ruby/gems/2.3.0/gems/actionpack-5.0.0/lib/action_dispatch/middleware/templates/rescues/_trace.html.erb (1.8ms)
  Rendering /Users/tnt/.rbenv/versions/2.3.1/lib/ruby/gems/2.3.0/gems/actionpack-5.0.0/lib/action_dispatch/middleware/templates/rescues/_request_and_response.html.erb
  Rendered /Users/tnt/.rbenv/versions/2.3.1/lib/ruby/gems/2.3.0/gems/actionpack-5.0.0/lib/action_dispatch/middleware/templates/rescues/_request_and_response.html.erb (0.7ms)
  Rendered /Users/tnt/.rbenv/versions/2.3.1/lib/ruby/gems/2.3.0/gems/actionpack-5.0.0/lib/action_dispatch/middleware/templates/rescues/template_error.html.erb within rescues/layout (86.9ms)
Started GET "/users/sign_up" for ::1 at 2016-08-05 12:18:31 +0100
Processing by Devise::RegistrationsController#new as HTML
  Rendering devise/registrations/new.html.erb within layouts/application
  Rendered devise/shared/_links.html.erb (1.9ms)
  Rendered devise/registrations/new.html.erb within layouts/application (12.2ms)
Completed 200 OK in 66ms (Views: 62.0ms | ActiveRecord: 0.0ms)


Started GET "/users/sign_up" for ::1 at 2016-08-05 12:19:49 +0100
Processing by Devise::RegistrationsController#new as HTML
  Rendering devise/registrations/new.html.erb within layouts/application
  Rendered devise/shared/_links.html.erb (1.1ms)
  Rendered devise/registrations/new.html.erb within layouts/application (7.2ms)
Completed 200 OK in 69ms (Views: 55.6ms | ActiveRecord: 0.0ms)


Started GET "/" for ::1 at 2016-08-05 12:21:43 +0100
DEPRECATION WARNING: before_filter is deprecated and will be removed in Rails 5.1. Use before_action instead. (called from <class:ItemsController> at /Users/tnt/Desktop/development/WDI_21_PROJECT2/app/controllers/items_controller.rb:3)
Processing by ItemsController#index as HTML
Started GET "/" for ::1 at 2016-08-05 12:21:43 +0100
Processing by ItemsController#index as HTML
  Rendering items/index.html.erb within layouts/application
  Rendering items/index.html.erb within layouts/application
  [1m[36mItem Load (2.0ms)[0m  [1m[34mSELECT "items".* FROM "items"[0m
  [1m[36mItem Load (2.0ms)[0m  [1m[34mSELECT "items".* FROM "items"[0m
  Rendered items/index.html.erb within layouts/application (26.3ms)
  Rendered items/index.html.erb within layouts/application (32.8ms)
Completed 200 OK in 165ms (Views: 120.6ms | ActiveRecord: 11.0ms)


Completed 200 OK in 181ms (Views: 120.4ms | ActiveRecord: 22.2ms)


Started GET "/users/sign_up" for ::1 at 2016-08-05 12:21:49 +0100
Processing by Devise::RegistrationsController#new as HTML
  Rendering devise/registrations/new.html.erb within layouts/application
  Rendered devise/shared/_links.html.erb (3.6ms)
  Rendered devise/registrations/new.html.erb within layouts/application (17.9ms)
Completed 200 OK in 72ms (Views: 66.9ms | ActiveRecord: 0.0ms)


Started POST "/users" for ::1 at 2016-08-05 12:22:28 +0100
Processing by Devise::RegistrationsController#create as HTML
  Parameters: {"utf8"=>"✓", "authenticity_token"=>"UsFMikMjkhOcHgcbVB6+vFT62+ThDYpdS02edpjblG4vS+NKM1JTovzHvI9OmPWoF1bQG+i6sJt/K45XsBWJwQ==", "user"=>{"email"=>"test@test.com", "username"=>"test", "full_name"=>"Testy McTestFace", "password"=>"[FILTERED]", "password_confirmation"=>"[FILTERED]"}, "commit"=>"Sign up"}
  [1m[35m (0.7ms)[0m  [1m[35mBEGIN[0m
  [1m[36mUser Exists (6.8ms)[0m  [1m[34mSELECT  1 AS one FROM "users" WHERE "users"."email" = $1 LIMIT $2[0m  [["email", "test@test.com"], ["LIMIT", 1]]
  [1m[35mSQL (7.2ms)[0m  [1m[32mINSERT INTO "users" ("username", "full_name", "created_at", "updated_at", "email", "encrypted_password") VALUES ($1, $2, $3, $4, $5, $6) RETURNING "id"[0m  [["username", "test"], ["full_name", "Testy McTestFace"], ["created_at", 2016-08-05 11:22:29 UTC], ["updated_at", 2016-08-05 11:22:29 UTC], ["email", "test@test.com"], ["encrypted_password", "$2a$11$Wruo3xn2Vg8bmBAxxmjS4e2HwM.ALowfpSoiish9tm5MIkjOU3fW6"]]
  [1m[35m (0.9ms)[0m  [1m[35mCOMMIT[0m
  [1m[35m (0.3ms)[0m  [1m[35mBEGIN[0m
  [1m[35mSQL (5.6ms)[0m  [1m[33mUPDATE "users" SET "updated_at" = $1, "sign_in_count" = $2, "current_sign_in_at" = $3, "last_sign_in_at" = $4, "current_sign_in_ip" = $5, "last_sign_in_ip" = $6 WHERE "users"."id" = $7[0m  [["updated_at", 2016-08-05 11:22:29 UTC], ["sign_in_count", 1], ["current_sign_in_at", 2016-08-05 11:22:29 UTC], ["last_sign_in_at", 2016-08-05 11:22:29 UTC], ["current_sign_in_ip", "::1/128"], ["last_sign_in_ip", "::1/128"], ["id", 1]]
  [1m[35m (0.4ms)[0m  [1m[35mCOMMIT[0m
Redirected to http://localhost:3000/items
Completed 302 Found in 288ms (ActiveRecord: 21.8ms)


Started GET "/items" for ::1 at 2016-08-05 12:22:29 +0100
Processing by ItemsController#index as HTML
  Rendering items/index.html.erb within layouts/application
  [1m[36mItem Load (1.9ms)[0m  [1m[34mSELECT "items".* FROM "items"[0m
  Rendered items/index.html.erb within layouts/application (3.7ms)
  [1m[36mUser Load (3.2ms)[0m  [1m[34mSELECT  "users".* FROM "users" WHERE "users"."id" = $1 ORDER BY "users"."id" ASC LIMIT $2[0m  [["id", 1], ["LIMIT", 1]]
Completed 200 OK in 38ms (Views: 29.3ms | ActiveRecord: 5.2ms)


Started GET "/items/new" for ::1 at 2016-08-05 12:22:35 +0100
Processing by ItemsController#new as HTML
  [1m[36mUser Load (1.6ms)[0m  [1m[34mSELECT  "users".* FROM "users" WHERE "users"."id" = $1 ORDER BY "users"."id" ASC LIMIT $2[0m  [["id", 1], ["LIMIT", 1]]
  Rendering items/new.html.erb within layouts/application
  Rendered items/_form.html.erb (6.8ms)
  Rendered items/new.html.erb within layouts/application (9.2ms)
Completed 200 OK in 85ms (Views: 57.3ms | ActiveRecord: 9.8ms)


Started GET "/items/new" for ::1 at 2016-08-05 12:28:25 +0100
DEPRECATION WARNING: before_filter is deprecated and will be removed in Rails 5.1. Use before_action instead. (called from <class:ItemsController> at /Users/tnt/Desktop/development/WDI_21_PROJECT2/app/controllers/items_controller.rb:3)
Processing by ItemsController#new as HTML
  [1m[36mUser Load (1.5ms)[0m  [1m[34mSELECT  "users".* FROM "users" WHERE "users"."id" = $1 ORDER BY "users"."id" ASC LIMIT $2[0m  [["id", 1], ["LIMIT", 1]]
  Rendering items/new.html.erb within layouts/application
  Rendered items/_form.html.erb (8.3ms)
  Rendered items/new.html.erb within layouts/application (11.5ms)
Completed 500 Internal Server Error in 71ms (ActiveRecord: 5.2ms)


  
ActionView::Template::Error (undefined method `id' for :current_user:Symbol):
    27:   </div>
    28: 
    29:   <div class="field">
    30:     <%= f.label :current_user.id %>
    31:     <%= f.text_field :current_user.id %>
    32:   </div>
    33: 
  
app/views/items/_form.html.erb:30:in `block in _app_views_items__form_html_erb__4029997417121747718_70329625828860'
app/views/items/_form.html.erb:1:in `_app_views_items__form_html_erb__4029997417121747718_70329625828860'
app/views/items/new.html.erb:3:in `_app_views_items_new_html_erb___1856666354239616116_70329633405900'
  Rendering /Users/tnt/.rbenv/versions/2.3.1/lib/ruby/gems/2.3.0/gems/actionpack-5.0.0/lib/action_dispatch/middleware/templates/rescues/template_error.html.erb within rescues/layout
  Rendering /Users/tnt/.rbenv/versions/2.3.1/lib/ruby/gems/2.3.0/gems/actionpack-5.0.0/lib/action_dispatch/middleware/templates/rescues/_source.html.erb
  Rendered /Users/tnt/.rbenv/versions/2.3.1/lib/ruby/gems/2.3.0/gems/actionpack-5.0.0/lib/action_dispatch/middleware/templates/rescues/_source.html.erb (6.9ms)
  Rendering /Users/tnt/.rbenv/versions/2.3.1/lib/ruby/gems/2.3.0/gems/actionpack-5.0.0/lib/action_dispatch/middleware/templates/rescues/_trace.html.erb
  Rendered /Users/tnt/.rbenv/versions/2.3.1/lib/ruby/gems/2.3.0/gems/actionpack-5.0.0/lib/action_dispatch/middleware/templates/rescues/_trace.html.erb (2.5ms)
  Rendering /Users/tnt/.rbenv/versions/2.3.1/lib/ruby/gems/2.3.0/gems/actionpack-5.0.0/lib/action_dispatch/middleware/templates/rescues/_request_and_response.html.erb
  Rendered /Users/tnt/.rbenv/versions/2.3.1/lib/ruby/gems/2.3.0/gems/actionpack-5.0.0/lib/action_dispatch/middleware/templates/rescues/_request_and_response.html.erb (1.4ms)
  Rendered /Users/tnt/.rbenv/versions/2.3.1/lib/ruby/gems/2.3.0/gems/actionpack-5.0.0/lib/action_dispatch/middleware/templates/rescues/template_error.html.erb within rescues/layout (92.0ms)
Started GET "/items/new" for ::1 at 2016-08-05 12:28:33 +0100
Processing by ItemsController#new as HTML
  [1m[36mUser Load (2.0ms)[0m  [1m[34mSELECT  "users".* FROM "users" WHERE "users"."id" = $1 ORDER BY "users"."id" ASC LIMIT $2[0m  [["id", 1], ["LIMIT", 1]]
  Rendering items/new.html.erb within layouts/application
  Rendered items/_form.html.erb (22.3ms)
  Rendered items/new.html.erb within layouts/application (25.3ms)
Completed 500 Internal Server Error in 42ms (ActiveRecord: 2.0ms)


  
ActionView::Template::Error (undefined method `current_user_id' for #<Item:0x007fedc8c28cc0>):
    28: 
    29:   <div class="field">
    30:     <%= f.label :current_user_id %>
    31:     <%= f.text_field :current_user_id %>
    32:   </div>
    33: 
    34:   <div class="actions">
  
app/views/items/_form.html.erb:31:in `block in _app_views_items__form_html_erb__4029997417121747718_70329582657920'
app/views/items/_form.html.erb:1:in `_app_views_items__form_html_erb__4029997417121747718_70329582657920'
app/views/items/new.html.erb:3:in `_app_views_items_new_html_erb___1856666354239616116_70329583131160'
  Rendering /Users/tnt/.rbenv/versions/2.3.1/lib/ruby/gems/2.3.0/gems/actionpack-5.0.0/lib/action_dispatch/middleware/templates/rescues/template_error.html.erb within rescues/layout
  Rendering /Users/tnt/.rbenv/versions/2.3.1/lib/ruby/gems/2.3.0/gems/actionpack-5.0.0/lib/action_dispatch/middleware/templates/rescues/_source.html.erb
  Rendered /Users/tnt/.rbenv/versions/2.3.1/lib/ruby/gems/2.3.0/gems/actionpack-5.0.0/lib/action_dispatch/middleware/templates/rescues/_source.html.erb (8.6ms)
  Rendering /Users/tnt/.rbenv/versions/2.3.1/lib/ruby/gems/2.3.0/gems/actionpack-5.0.0/lib/action_dispatch/middleware/templates/rescues/_trace.html.erb
  Rendered /Users/tnt/.rbenv/versions/2.3.1/lib/ruby/gems/2.3.0/gems/actionpack-5.0.0/lib/action_dispatch/middleware/templates/rescues/_trace.html.erb (3.5ms)
  Rendering /Users/tnt/.rbenv/versions/2.3.1/lib/ruby/gems/2.3.0/gems/actionpack-5.0.0/lib/action_dispatch/middleware/templates/rescues/_request_and_response.html.erb
  Rendered /Users/tnt/.rbenv/versions/2.3.1/lib/ruby/gems/2.3.0/gems/actionpack-5.0.0/lib/action_dispatch/middleware/templates/rescues/_request_and_response.html.erb (0.9ms)
  Rendered /Users/tnt/.rbenv/versions/2.3.1/lib/ruby/gems/2.3.0/gems/actionpack-5.0.0/lib/action_dispatch/middleware/templates/rescues/template_error.html.erb within rescues/layout (108.7ms)
Started GET "/items/new" for ::1 at 2016-08-05 12:31:06 +0100
Processing by ItemsController#new as HTML
  [1m[36mUser Load (3.2ms)[0m  [1m[34mSELECT  "users".* FROM "users" WHERE "users"."id" = $1 ORDER BY "users"."id" ASC LIMIT $2[0m  [["id", 1], ["LIMIT", 1]]
  Rendering items/new.html.erb within layouts/application
  Rendered items/_form.html.erb (52.3ms)
  Rendered items/new.html.erb within layouts/application (57.0ms)
Completed 500 Internal Server Error in 134ms (ActiveRecord: 3.2ms)


  
ActionView::Template::Error (undefined method `current_user' for #<Item:0x007fedc423b1f8>):
    28: 
    29:   <div class="field">
    30:     <%= f.label :current_user %>
    31:     <%= f.text_field :current_user %>
    32:   </div>
    33: 
    34:   <div class="actions">
  
app/views/items/_form.html.erb:31:in `block in _app_views_items__form_html_erb__4029997417121747718_70329583126260'
app/views/items/_form.html.erb:1:in `_app_views_items__form_html_erb__4029997417121747718_70329583126260'
app/views/items/new.html.erb:3:in `_app_views_items_new_html_erb___1856666354239616116_70329587320580'
  Rendering /Users/tnt/.rbenv/versions/2.3.1/lib/ruby/gems/2.3.0/gems/actionpack-5.0.0/lib/action_dispatch/middleware/templates/rescues/template_error.html.erb within rescues/layout
  Rendering /Users/tnt/.rbenv/versions/2.3.1/lib/ruby/gems/2.3.0/gems/actionpack-5.0.0/lib/action_dispatch/middleware/templates/rescues/_source.html.erb
  Rendered /Users/tnt/.rbenv/versions/2.3.1/lib/ruby/gems/2.3.0/gems/actionpack-5.0.0/lib/action_dispatch/middleware/templates/rescues/_source.html.erb (6.8ms)
  Rendering /Users/tnt/.rbenv/versions/2.3.1/lib/ruby/gems/2.3.0/gems/actionpack-5.0.0/lib/action_dispatch/middleware/templates/rescues/_trace.html.erb
  Rendered /Users/tnt/.rbenv/versions/2.3.1/lib/ruby/gems/2.3.0/gems/actionpack-5.0.0/lib/action_dispatch/middleware/templates/rescues/_trace.html.erb (5.6ms)
  Rendering /Users/tnt/.rbenv/versions/2.3.1/lib/ruby/gems/2.3.0/gems/actionpack-5.0.0/lib/action_dispatch/middleware/templates/rescues/_request_and_response.html.erb
  Rendered /Users/tnt/.rbenv/versions/2.3.1/lib/ruby/gems/2.3.0/gems/actionpack-5.0.0/lib/action_dispatch/middleware/templates/rescues/_request_and_response.html.erb (1.3ms)
  Rendered /Users/tnt/.rbenv/versions/2.3.1/lib/ruby/gems/2.3.0/gems/actionpack-5.0.0/lib/action_dispatch/middleware/templates/rescues/template_error.html.erb within rescues/layout (89.5ms)
Started GET "/items/new" for ::1 at 2016-08-05 12:31:08 +0100
Processing by ItemsController#new as HTML
  [1m[36mUser Load (1.1ms)[0m  [1m[34mSELECT  "users".* FROM "users" WHERE "users"."id" = $1 ORDER BY "users"."id" ASC LIMIT $2[0m  [["id", 1], ["LIMIT", 1]]
  Rendering items/new.html.erb within layouts/application
  Rendered items/_form.html.erb (11.2ms)
  Rendered items/new.html.erb within layouts/application (12.9ms)
Completed 500 Internal Server Error in 23ms (ActiveRecord: 1.1ms)


  
ActionView::Template::Error (undefined method `current_user' for #<Item:0x007fedc39d2f20>):
    28: 
    29:   <div class="field">
    30:     <%= f.label :current_user %>
    31:     <%= f.text_field :current_user %>
    32:   </div>
    33: 
    34:   <div class="actions">
  
app/views/items/_form.html.erb:31:in `block in _app_views_items__form_html_erb__4029997417121747718_70329583565120'
app/views/items/_form.html.erb:1:in `_app_views_items__form_html_erb__4029997417121747718_70329583565120'
app/views/items/new.html.erb:3:in `_app_views_items_new_html_erb___1856666354239616116_70329582914400'
  Rendering /Users/tnt/.rbenv/versions/2.3.1/lib/ruby/gems/2.3.0/gems/actionpack-5.0.0/lib/action_dispatch/middleware/templates/rescues/template_error.html.erb within rescues/layout
  Rendering /Users/tnt/.rbenv/versions/2.3.1/lib/ruby/gems/2.3.0/gems/actionpack-5.0.0/lib/action_dispatch/middleware/templates/rescues/_source.html.erb
  Rendered /Users/tnt/.rbenv/versions/2.3.1/lib/ruby/gems/2.3.0/gems/actionpack-5.0.0/lib/action_dispatch/middleware/templates/rescues/_source.html.erb (5.6ms)
  Rendering /Users/tnt/.rbenv/versions/2.3.1/lib/ruby/gems/2.3.0/gems/actionpack-5.0.0/lib/action_dispatch/middleware/templates/rescues/_trace.html.erb
  Rendered /Users/tnt/.rbenv/versions/2.3.1/lib/ruby/gems/2.3.0/gems/actionpack-5.0.0/lib/action_dispatch/middleware/templates/rescues/_trace.html.erb (3.2ms)
  Rendering /Users/tnt/.rbenv/versions/2.3.1/lib/ruby/gems/2.3.0/gems/actionpack-5.0.0/lib/action_dispatch/middleware/templates/rescues/_request_and_response.html.erb
  Rendered /Users/tnt/.rbenv/versions/2.3.1/lib/ruby/gems/2.3.0/gems/actionpack-5.0.0/lib/action_dispatch/middleware/templates/rescues/_request_and_response.html.erb (1.0ms)
  Rendered /Users/tnt/.rbenv/versions/2.3.1/lib/ruby/gems/2.3.0/gems/actionpack-5.0.0/lib/action_dispatch/middleware/templates/rescues/template_error.html.erb within rescues/layout (82.3ms)
Started GET "/items/new" for ::1 at 2016-08-05 12:31:14 +0100
Processing by ItemsController#new as HTML
  [1m[36mUser Load (4.1ms)[0m  [1m[34mSELECT  "users".* FROM "users" WHERE "users"."id" = $1 ORDER BY "users"."id" ASC LIMIT $2[0m  [["id", 1], ["LIMIT", 1]]
  Rendering items/new.html.erb within layouts/application
  Rendered items/_form.html.erb (13.4ms)
  Rendered items/new.html.erb within layouts/application (15.1ms)
Completed 500 Internal Server Error in 29ms (ActiveRecord: 4.1ms)


  
ActionView::Template::Error (undefined method `current_user' for #<Item:0x007fedc994a638>):
    28: 
    29:   <div class="field">
    30:     <%= f.label :current_user %>
    31:     <%= f.text_field :current_user %>
    32:   </div>
    33: 
    34:   <div class="actions">
  
app/views/items/_form.html.erb:31:in `block in _app_views_items__form_html_erb__4029997417121747718_70329583429780'
app/views/items/_form.html.erb:1:in `_app_views_items__form_html_erb__4029997417121747718_70329583429780'
app/views/items/new.html.erb:3:in `_app_views_items_new_html_erb___1856666354239616116_70329632966140'
  Rendering /Users/tnt/.rbenv/versions/2.3.1/lib/ruby/gems/2.3.0/gems/actionpack-5.0.0/lib/action_dispatch/middleware/templates/rescues/template_error.html.erb within rescues/layout
  Rendering /Users/tnt/.rbenv/versions/2.3.1/lib/ruby/gems/2.3.0/gems/actionpack-5.0.0/lib/action_dispatch/middleware/templates/rescues/_source.html.erb
  Rendered /Users/tnt/.rbenv/versions/2.3.1/lib/ruby/gems/2.3.0/gems/actionpack-5.0.0/lib/action_dispatch/middleware/templates/rescues/_source.html.erb (4.7ms)
  Rendering /Users/tnt/.rbenv/versions/2.3.1/lib/ruby/gems/2.3.0/gems/actionpack-5.0.0/lib/action_dispatch/middleware/templates/rescues/_trace.html.erb
  Rendered /Users/tnt/.rbenv/versions/2.3.1/lib/ruby/gems/2.3.0/gems/actionpack-5.0.0/lib/action_dispatch/middleware/templates/rescues/_trace.html.erb (2.6ms)
  Rendering /Users/tnt/.rbenv/versions/2.3.1/lib/ruby/gems/2.3.0/gems/actionpack-5.0.0/lib/action_dispatch/middleware/templates/rescues/_request_and_response.html.erb
  Rendered /Users/tnt/.rbenv/versions/2.3.1/lib/ruby/gems/2.3.0/gems/actionpack-5.0.0/lib/action_dispatch/middleware/templates/rescues/_request_and_response.html.erb (0.9ms)
  Rendered /Users/tnt/.rbenv/versions/2.3.1/lib/ruby/gems/2.3.0/gems/actionpack-5.0.0/lib/action_dispatch/middleware/templates/rescues/template_error.html.erb within rescues/layout (79.6ms)
Started GET "/items/new" for ::1 at 2016-08-05 12:31:15 +0100
Processing by ItemsController#new as HTML
  [1m[36mUser Load (1.3ms)[0m  [1m[34mSELECT  "users".* FROM "users" WHERE "users"."id" = $1 ORDER BY "users"."id" ASC LIMIT $2[0m  [["id", 1], ["LIMIT", 1]]
  Rendering items/new.html.erb within layouts/application
  Rendered items/_form.html.erb (11.6ms)
  Rendered items/new.html.erb within layouts/application (13.7ms)
Completed 500 Internal Server Error in 24ms (ActiveRecord: 1.3ms)


  
ActionView::Template::Error (undefined method `current_user' for #<Item:0x007fedc9949530>):
    28: 
    29:   <div class="field">
    30:     <%= f.label :current_user %>
    31:     <%= f.text_field :current_user %>
    32:   </div>
    33: 
    34:   <div class="actions">
  
app/views/items/_form.html.erb:31:in `block in _app_views_items__form_html_erb__4029997417121747718_70329634009260'
app/views/items/_form.html.erb:1:in `_app_views_items__form_html_erb__4029997417121747718_70329634009260'
app/views/items/new.html.erb:3:in `_app_views_items_new_html_erb___1856666354239616116_70329583646580'
  Rendering /Users/tnt/.rbenv/versions/2.3.1/lib/ruby/gems/2.3.0/gems/actionpack-5.0.0/lib/action_dispatch/middleware/templates/rescues/template_error.html.erb within rescues/layout
  Rendering /Users/tnt/.rbenv/versions/2.3.1/lib/ruby/gems/2.3.0/gems/actionpack-5.0.0/lib/action_dispatch/middleware/templates/rescues/_source.html.erb
  Rendered /Users/tnt/.rbenv/versions/2.3.1/lib/ruby/gems/2.3.0/gems/actionpack-5.0.0/lib/action_dispatch/middleware/templates/rescues/_source.html.erb (5.9ms)
  Rendering /Users/tnt/.rbenv/versions/2.3.1/lib/ruby/gems/2.3.0/gems/actionpack-5.0.0/lib/action_dispatch/middleware/templates/rescues/_trace.html.erb
  Rendered /Users/tnt/.rbenv/versions/2.3.1/lib/ruby/gems/2.3.0/gems/actionpack-5.0.0/lib/action_dispatch/middleware/templates/rescues/_trace.html.erb (2.9ms)
  Rendering /Users/tnt/.rbenv/versions/2.3.1/lib/ruby/gems/2.3.0/gems/actionpack-5.0.0/lib/action_dispatch/middleware/templates/rescues/_request_and_response.html.erb
  Rendered /Users/tnt/.rbenv/versions/2.3.1/lib/ruby/gems/2.3.0/gems/actionpack-5.0.0/lib/action_dispatch/middleware/templates/rescues/_request_and_response.html.erb (1.4ms)
  Rendered /Users/tnt/.rbenv/versions/2.3.1/lib/ruby/gems/2.3.0/gems/actionpack-5.0.0/lib/action_dispatch/middleware/templates/rescues/template_error.html.erb within rescues/layout (87.5ms)
Started GET "/items/new" for ::1 at 2016-08-05 12:31:53 +0100
Processing by ItemsController#new as HTML
  [1m[36mUser Load (1.6ms)[0m  [1m[34mSELECT  "users".* FROM "users" WHERE "users"."id" = $1 ORDER BY "users"."id" ASC LIMIT $2[0m  [["id", 1], ["LIMIT", 1]]
  Rendering items/new.html.erb within layouts/application
  Rendered items/_form.html.erb (34.0ms)
  Rendered items/new.html.erb within layouts/application (40.5ms)
Completed 500 Internal Server Error in 82ms (ActiveRecord: 1.6ms)


  
ActionView::Template::Error (undefined method `current_user_id' for #<Item:0x007fedc8cd9e30>):
    28: 
    29:   <div class="field">
    30:     <%= f.label :current_user_id %>
    31:     <%= f.text_field :current_user_id %>
    32:   </div>
    33: 
    34:   <div class="actions">
  
app/views/items/_form.html.erb:31:in `block in _app_views_items__form_html_erb__4029997417121747718_70329583028520'
app/views/items/_form.html.erb:1:in `_app_views_items__form_html_erb__4029997417121747718_70329583028520'
app/views/items/new.html.erb:3:in `_app_views_items_new_html_erb___1856666354239616116_70329633930200'
  Rendering /Users/tnt/.rbenv/versions/2.3.1/lib/ruby/gems/2.3.0/gems/actionpack-5.0.0/lib/action_dispatch/middleware/templates/rescues/template_error.html.erb within rescues/layout
  Rendering /Users/tnt/.rbenv/versions/2.3.1/lib/ruby/gems/2.3.0/gems/actionpack-5.0.0/lib/action_dispatch/middleware/templates/rescues/_source.html.erb
  Rendered /Users/tnt/.rbenv/versions/2.3.1/lib/ruby/gems/2.3.0/gems/actionpack-5.0.0/lib/action_dispatch/middleware/templates/rescues/_source.html.erb (6.7ms)
  Rendering /Users/tnt/.rbenv/versions/2.3.1/lib/ruby/gems/2.3.0/gems/actionpack-5.0.0/lib/action_dispatch/middleware/templates/rescues/_trace.html.erb
  Rendered /Users/tnt/.rbenv/versions/2.3.1/lib/ruby/gems/2.3.0/gems/actionpack-5.0.0/lib/action_dispatch/middleware/templates/rescues/_trace.html.erb (3.8ms)
  Rendering /Users/tnt/.rbenv/versions/2.3.1/lib/ruby/gems/2.3.0/gems/actionpack-5.0.0/lib/action_dispatch/middleware/templates/rescues/_request_and_response.html.erb
  Rendered /Users/tnt/.rbenv/versions/2.3.1/lib/ruby/gems/2.3.0/gems/actionpack-5.0.0/lib/action_dispatch/middleware/templates/rescues/_request_and_response.html.erb (1.2ms)
  Rendered /Users/tnt/.rbenv/versions/2.3.1/lib/ruby/gems/2.3.0/gems/actionpack-5.0.0/lib/action_dispatch/middleware/templates/rescues/template_error.html.erb within rescues/layout (92.8ms)
Started GET "/items/new" for ::1 at 2016-08-05 12:31:54 +0100
Processing by ItemsController#new as HTML
  [1m[36mUser Load (1.8ms)[0m  [1m[34mSELECT  "users".* FROM "users" WHERE "users"."id" = $1 ORDER BY "users"."id" ASC LIMIT $2[0m  [["id", 1], ["LIMIT", 1]]
  Rendering items/new.html.erb within layouts/application
  Rendered items/_form.html.erb (13.3ms)
  Rendered items/new.html.erb within layouts/application (15.5ms)
Completed 500 Internal Server Error in 28ms (ActiveRecord: 1.8ms)


  
ActionView::Template::Error (undefined method `current_user_id' for #<Item:0x007fedc3999838>):
    28: 
    29:   <div class="field">
    30:     <%= f.label :current_user_id %>
    31:     <%= f.text_field :current_user_id %>
    32:   </div>
    33: 
    34:   <div class="actions">
  
app/views/items/_form.html.erb:31:in `block in _app_views_items__form_html_erb__4029997417121747718_70329583363040'
app/views/items/_form.html.erb:1:in `_app_views_items__form_html_erb__4029997417121747718_70329583363040'
app/views/items/new.html.erb:3:in `_app_views_items_new_html_erb___1856666354239616116_70329633318160'
  Rendering /Users/tnt/.rbenv/versions/2.3.1/lib/ruby/gems/2.3.0/gems/actionpack-5.0.0/lib/action_dispatch/middleware/templates/rescues/template_error.html.erb within rescues/layout
  Rendering /Users/tnt/.rbenv/versions/2.3.1/lib/ruby/gems/2.3.0/gems/actionpack-5.0.0/lib/action_dispatch/middleware/templates/rescues/_source.html.erb
  Rendered /Users/tnt/.rbenv/versions/2.3.1/lib/ruby/gems/2.3.0/gems/actionpack-5.0.0/lib/action_dispatch/middleware/templates/rescues/_source.html.erb (5.2ms)
  Rendering /Users/tnt/.rbenv/versions/2.3.1/lib/ruby/gems/2.3.0/gems/actionpack-5.0.0/lib/action_dispatch/middleware/templates/rescues/_trace.html.erb
  Rendered /Users/tnt/.rbenv/versions/2.3.1/lib/ruby/gems/2.3.0/gems/actionpack-5.0.0/lib/action_dispatch/middleware/templates/rescues/_trace.html.erb (2.6ms)
  Rendering /Users/tnt/.rbenv/versions/2.3.1/lib/ruby/gems/2.3.0/gems/actionpack-5.0.0/lib/action_dispatch/middleware/templates/rescues/_request_and_response.html.erb
  Rendered /Users/tnt/.rbenv/versions/2.3.1/lib/ruby/gems/2.3.0/gems/actionpack-5.0.0/lib/action_dispatch/middleware/templates/rescues/_request_and_response.html.erb (0.9ms)
  Rendered /Users/tnt/.rbenv/versions/2.3.1/lib/ruby/gems/2.3.0/gems/actionpack-5.0.0/lib/action_dispatch/middleware/templates/rescues/template_error.html.erb within rescues/layout (77.1ms)
Started GET "/items/new" for ::1 at 2016-08-05 12:36:05 +0100
Processing by ItemsController#new as HTML
  [1m[36mUser Load (3.9ms)[0m  [1m[34mSELECT  "users".* FROM "users" WHERE "users"."id" = $1 ORDER BY "users"."id" ASC LIMIT $2[0m  [["id", 1], ["LIMIT", 1]]
  Rendering items/new.html.erb within layouts/application
  Rendered items/_form.html.erb (16.6ms)
  Rendered items/new.html.erb within layouts/application (26.4ms)
Completed 200 OK in 200ms (Views: 150.9ms | ActiveRecord: 3.9ms)


Started GET "/items/new" for ::1 at 2016-08-05 12:36:29 +0100
Processing by ItemsController#new as HTML
  [1m[36mUser Load (1.0ms)[0m  [1m[34mSELECT  "users".* FROM "users" WHERE "users"."id" = $1 ORDER BY "users"."id" ASC LIMIT $2[0m  [["id", 1], ["LIMIT", 1]]
  Rendering items/new.html.erb within layouts/application
  Rendered items/_form.html.erb (6.0ms)
  Rendered items/new.html.erb within layouts/application (9.3ms)
Completed 200 OK in 60ms (Views: 54.1ms | ActiveRecord: 1.0ms)


Started POST "/items" for ::1 at 2016-08-05 12:36:47 +0100
Processing by ItemsController#create as HTML
  Parameters: {"utf8"=>"✓", "authenticity_token"=>"lRlsZZz6UvudkagAirUtZ7DuT8X+omNsfJV7L9m0HDk2P9HwDor/s80zY3ThmVUXwnVmclGVXJTdtGGuTuXCgQ==", "item"=>{"name"=>"armot", "description"=>"armor description", "armor_photo"=>"armor img"}, "commit"=>"Create Item"}
  [1m[36mUser Load (0.6ms)[0m  [1m[34mSELECT  "users".* FROM "users" WHERE "users"."id" = $1 ORDER BY "users"."id" ASC LIMIT $2[0m  [["id", 1], ["LIMIT", 1]]
  [1m[35m (2.2ms)[0m  [1m[35mBEGIN[0m
  [1m[35m (0.3ms)[0m  [1m[31mROLLBACK[0m
  Rendering items/new.html.erb within layouts/application
  Rendered items/_form.html.erb (4.3ms)
  Rendered items/new.html.erb within layouts/application (7.2ms)
Completed 200 OK in 82ms (Views: 40.3ms | ActiveRecord: 3.1ms)


Started GET "/items" for ::1 at 2016-08-05 12:39:49 +0100
DEPRECATION WARNING: before_filter is deprecated and will be removed in Rails 5.1. Use before_action instead. (called from <class:ItemsController> at /Users/tnt/Desktop/development/WDI_21_PROJECT2/app/controllers/items_controller.rb:3)
Processing by ItemsController#index as HTML
  Rendering items/index.html.erb within layouts/application
  [1m[36mItem Load (1.4ms)[0m  [1m[34mSELECT "items".* FROM "items"[0m
  Rendered items/index.html.erb within layouts/application (5.6ms)
  [1m[36mUser Load (1.6ms)[0m  [1m[34mSELECT  "users".* FROM "users" WHERE "users"."id" = $1 ORDER BY "users"."id" ASC LIMIT $2[0m  [["id", 1], ["LIMIT", 1]]
Completed 200 OK in 97ms (Views: 80.4ms | ActiveRecord: 3.0ms)


Started GET "/items/new" for ::1 at 2016-08-05 12:39:51 +0100
Processing by ItemsController#new as HTML
  [1m[36mUser Load (1.1ms)[0m  [1m[34mSELECT  "users".* FROM "users" WHERE "users"."id" = $1 ORDER BY "users"."id" ASC LIMIT $2[0m  [["id", 1], ["LIMIT", 1]]
  Rendering items/new.html.erb within layouts/application
  Rendered items/_form.html.erb (4.9ms)
  Rendered items/new.html.erb within layouts/application (7.2ms)
Completed 200 OK in 87ms (Views: 32.6ms | ActiveRecord: 44.3ms)


Started POST "/items" for ::1 at 2016-08-05 12:40:02 +0100
Processing by ItemsController#create as HTML
  Parameters: {"utf8"=>"✓", "authenticity_token"=>"bgan1PdJJeST9TLIm2ZdbycIbB2+EgcqB1OgwOUBNnn0i2koe7jXsvj0Z8gwNCIFvCmKLOILL7NabeXZxvpRGA==", "item"=>{"name"=>"armor", "description"=>"armor description", "armor_photo"=>"armor img"}, "commit"=>"Create Item"}
  [1m[36mUser Load (0.7ms)[0m  [1m[34mSELECT  "users".* FROM "users" WHERE "users"."id" = $1 ORDER BY "users"."id" ASC LIMIT $2[0m  [["id", 1], ["LIMIT", 1]]
  [1m[35m (0.7ms)[0m  [1m[35mBEGIN[0m
  [1m[35mSQL (16.8ms)[0m  [1m[32mINSERT INTO "items" ("name", "description", "armor_photo", "user_id", "created_at", "updated_at") VALUES ($1, $2, $3, $4, $5, $6) RETURNING "id"[0m  [["name", "armor"], ["description", "armor description"], ["armor_photo", "armor img"], ["user_id", 1], ["created_at", 2016-08-05 11:40:02 UTC], ["updated_at", 2016-08-05 11:40:02 UTC]]
  [1m[35m (1.2ms)[0m  [1m[35mCOMMIT[0m
Redirected to http://localhost:3000/items/1
Completed 302 Found in 48ms (ActiveRecord: 19.3ms)


Started GET "/items/1" for ::1 at 2016-08-05 12:40:02 +0100
Processing by ItemsController#show as HTML
  Parameters: {"id"=>"1"}
  [1m[36mItem Load (0.9ms)[0m  [1m[34mSELECT  "items".* FROM "items" WHERE "items"."id" = $1 LIMIT $2[0m  [["id", 1], ["LIMIT", 1]]
  Rendering items/show.html.erb within layouts/application
  [1m[36mUser Load (0.5ms)[0m  [1m[34mSELECT  "users".* FROM "users" WHERE "users"."id" = $1 LIMIT $2[0m  [["id", 1], ["LIMIT", 1]]
  Rendered items/show.html.erb within layouts/application (4.4ms)
  [1m[36mUser Load (0.6ms)[0m  [1m[34mSELECT  "users".* FROM "users" WHERE "users"."id" = $1 ORDER BY "users"."id" ASC LIMIT $2[0m  [["id", 1], ["LIMIT", 1]]
Completed 200 OK in 56ms (Views: 35.0ms | ActiveRecord: 9.7ms)


